<?xml version="1.0" encoding="UTF-8"?>
<testsuite xmlns:xsi="http://www.w3.org/2001/XMLSchema-instance" xsi:noNamespaceSchemaLocation="https://maven.apache.org/surefire/maven-surefire-plugin/xsd/surefire-test-report-3.0.xsd" version="3.0" name="com.cloudbees.jenkins.plugins.pipeline.explorer.log.file.RealWorldAdvancedFileLogStorageSizeTest" time="10.867" tests="1" errors="0" skipped="1" failures="0">
  <properties>
    <property name="sun.desktop" value="gnome"/>
    <property name="awt.toolkit" value="sun.awt.X11.XToolkit"/>
    <property name="java.specification.version" value="11"/>
    <property name="sun.cpu.isalist" value=""/>
    <property name="sun.jnu.encoding" value="UTF-8"/>
    <property name="java.class.path" value="/src/jenkins/plugins/cloudbees-console-log-viewer/target/test-classes:/src/jenkins/plugins/cloudbees-console-log-viewer/target/classes:/home/tscherler/.m2/repository/org/jenkins-ci/plugins/jackson2-api/2.15.2-350.v0c2f3f8fc595/jackson2-api-2.15.2-350.v0c2f3f8fc595.jar:/home/tscherler/.m2/repository/com/fasterxml/jackson/core/jackson-databind/2.15.2/jackson-databind-2.15.2.jar:/home/tscherler/.m2/repository/com/fasterxml/jackson/datatype/jackson-datatype-jsr310/2.15.2/jackson-datatype-jsr310-2.15.2.jar:/home/tscherler/.m2/repository/com/fasterxml/jackson/datatype/jackson-datatype-jdk8/2.15.2/jackson-datatype-jdk8-2.15.2.jar:/home/tscherler/.m2/repository/com/fasterxml/jackson/datatype/jackson-datatype-json-org/2.15.2/jackson-datatype-json-org-2.15.2.jar:/home/tscherler/.m2/repository/com/fasterxml/jackson/module/jackson-module-parameter-names/2.15.2/jackson-module-parameter-names-2.15.2.jar:/home/tscherler/.m2/repository/com/fasterxml/jackson/core/jackson-core/2.15.2/jackson-core-2.15.2.jar:/home/tscherler/.m2/repository/com/fasterxml/jackson/core/jackson-annotations/2.15.2/jackson-annotations-2.15.2.jar:/home/tscherler/.m2/repository/com/fasterxml/jackson/module/jackson-module-jaxb-annotations/2.15.2/jackson-module-jaxb-annotations-2.15.2.jar:/home/tscherler/.m2/repository/com/fasterxml/jackson/dataformat/jackson-dataformat-cbor/2.15.2/jackson-dataformat-cbor-2.15.2.jar:/home/tscherler/.m2/repository/com/fasterxml/jackson/dataformat/jackson-dataformat-xml/2.15.2/jackson-dataformat-xml-2.15.2.jar:/home/tscherler/.m2/repository/org/codehaus/woodstox/stax2-api/4.2.1/stax2-api-4.2.1.jar:/home/tscherler/.m2/repository/com/fasterxml/woodstox/woodstox-core/6.5.1/woodstox-core-6.5.1.jar:/home/tscherler/.m2/repository/com/fasterxml/jackson/dataformat/jackson-dataformat-yaml/2.15.2/jackson-dataformat-yaml-2.15.2.jar:/home/tscherler/.m2/repository/io/jenkins/plugins/javax-activation-api/1.2.0-6/javax-activation-api-1.2.0-6.jar:/home/tscherler/.m2/repository/com/sun/activation/javax.activation/1.2.0/javax.activation-1.2.0.jar:/home/tscherler/.m2/repository/io/jenkins/plugins/jaxb/2.3.8-1/jaxb-2.3.8-1.jar:/home/tscherler/.m2/repository/com/sun/xml/bind/jaxb-impl/2.3.8/jaxb-impl-2.3.8.jar:/home/tscherler/.m2/repository/javax/xml/bind/jaxb-api/2.3.1/jaxb-api-2.3.1.jar:/home/tscherler/.m2/repository/io/jenkins/plugins/snakeyaml-api/1.33-95.va_b_a_e3e47b_fa_4/snakeyaml-api-1.33-95.va_b_a_e3e47b_fa_4.jar:/home/tscherler/.m2/repository/org/yaml/snakeyaml/1.33/snakeyaml-1.33.jar:/home/tscherler/.m2/repository/io/jenkins/plugins/caffeine-api/3.1.6-115.vb_8b_b_328e59d8/caffeine-api-3.1.6-115.vb_8b_b_328e59d8.jar:/home/tscherler/.m2/repository/com/github/ben-manes/caffeine/caffeine/3.1.6/caffeine-3.1.6.jar:/home/tscherler/.m2/repository/com/cloudbees/jenkins/plugins/cloudbees-analytics/1.53/cloudbees-analytics-1.53.jar:/home/tscherler/.m2/repository/com/cloudbees/analytics/api/cloudbees-analytics-api/1.13/cloudbees-analytics-api-1.13.jar:/home/tscherler/.m2/repository/com/cloudbees/jenkins/plugins/shaded-cloudbees-analytics-segment-driver/1.53/shaded-cloudbees-analytics-segment-driver-1.53.jar:/home/tscherler/.m2/repository/io/jenkins/plugins/commons-lang3-api/3.12.0-36.vd97de6465d5b_/commons-lang3-api-3.12.0-36.vd97de6465d5b_.jar:/home/tscherler/.m2/repository/org/apache/commons/commons-lang3/3.12.0/commons-lang3-3.12.0.jar:/home/tscherler/.m2/repository/com/cloudbees/nectar/plugins/cloudbees-license/9.78/cloudbees-license-9.78.jar:/home/tscherler/.m2/repository/org/jenkins-ci/plugins/bouncycastle-api/2.29/bouncycastle-api-2.29.jar:/home/tscherler/.m2/repository/org/bouncycastle/bcpkix-jdk18on/1.75/bcpkix-jdk18on-1.75.jar:/home/tscherler/.m2/repository/org/bouncycastle/bcprov-jdk18on/1.75/bcprov-jdk18on-1.75.jar:/home/tscherler/.m2/repository/org/bouncycastle/bcutil-jdk18on/1.75/bcutil-jdk18on-1.75.jar:/home/tscherler/.m2/repository/org/jenkins-ci/modules/optional-plugin-helper/1.1/optional-plugin-helper-1.1.jar:/home/tscherler/.m2/repository/org/jenkins-ci/plugins/scm-api/676.v886669a_199a_a_/scm-api-676.v886669a_199a_a_.jar:/home/tscherler/.m2/repository/io/jenkins/plugins/okhttp-api/4.11.0-157.v6852a_a_fa_ec11/okhttp-api-4.11.0-157.v6852a_a_fa_ec11.jar:/home/tscherler/.m2/repository/com/squareup/okio/okio/3.5.0/okio-3.5.0.jar:/home/tscherler/.m2/repository/com/squareup/okio/okio-jvm/3.5.0/okio-jvm-3.5.0.jar:/home/tscherler/.m2/repository/com/squareup/okhttp3/okhttp/4.11.0/okhttp-4.11.0.jar:/home/tscherler/.m2/repository/com/squareup/okhttp3/logging-interceptor/4.11.0/logging-interceptor-4.11.0.jar:/home/tscherler/.m2/repository/org/jetbrains/kotlin/kotlin-stdlib-common/1.9.0/kotlin-stdlib-common-1.9.0.jar:/home/tscherler/.m2/repository/org/jetbrains/kotlin/kotlin-stdlib-jdk8/1.9.0/kotlin-stdlib-jdk8-1.9.0.jar:/home/tscherler/.m2/repository/org/jetbrains/kotlin/kotlin-stdlib/1.9.0/kotlin-stdlib-1.9.0.jar:/home/tscherler/.m2/repository/org/jetbrains/kotlin/kotlin-stdlib-jdk7/1.9.0/kotlin-stdlib-jdk7-1.9.0.jar:/home/tscherler/.m2/repository/org/jenkins-ci/plugins/variant/59.vf075fe829ccb/variant-59.vf075fe829ccb.jar:/home/tscherler/.m2/repository/org/jenkins-ci/plugins/workflow/workflow-job/1351.cb-vb_4e044b_fd8f1/workflow-job-1351.cb-vb_4e044b_fd8f1.jar:/home/tscherler/.m2/repository/io/jenkins/plugins/ionicons-api/56.v1b_1c8c49374e/ionicons-api-56.v1b_1c8c49374e.jar:/home/tscherler/.m2/repository/org/jenkins-ci/plugins/workflow/workflow-step-api/639.v6eca_cd8c04a_a_/workflow-step-api-639.v6eca_cd8c04a_a_.jar:/home/tscherler/.m2/repository/org/jenkins-ci/plugins/workflow/workflow-api/1259.vb_47f14fffc8a_/workflow-api-1259.vb_47f14fffc8a_.jar:/home/tscherler/.m2/repository/org/jenkins-ci/plugins/workflow/workflow-support/848.v5a_383b_d14921/workflow-support-848.v5a_383b_d14921.jar:/home/tscherler/.m2/repository/org/jenkins-ci/plugins/workflow/workflow-cps/3769.v8b_e595e4d40d/workflow-cps-3769.v8b_e595e4d40d.jar:/home/tscherler/.m2/repository/org/jenkins-ci/plugins/workflow/workflow-scm-step/415.v434365564324/workflow-scm-step-415.v434365564324.jar:/home/tscherler/.m2/repository/org/jenkins-ci/plugins/script-security/1265.va_fb_290b_4b_d34/script-security-1265.va_fb_290b_4b_d34.jar:/home/tscherler/.m2/repository/org/kohsuke/groovy-sandbox/1.33/groovy-sandbox-1.33.jar:/home/tscherler/.m2/repository/org/jenkins-ci/plugins/structs/324.va_f5d6774f3a_d/structs-324.va_f5d6774f3a_d.jar:/home/tscherler/.m2/repository/com/cloudbees/groovy-cps/3769.v8b_e595e4d40d/groovy-cps-3769.v8b_e595e4d40d.jar:/home/tscherler/.m2/repository/com/cloudbees/diff4j/1.3/diff4j-1.3.jar:/home/tscherler/.m2/repository/org/jenkins-ci/plugins/display-url-api/2.3.9/display-url-api-2.3.9.jar:/home/tscherler/.m2/repository/org/jenkins-ci/plugins/git/5.2.0/git-5.2.0.jar:/home/tscherler/.m2/repository/org/jenkins-ci/plugins/git-client/4.4.0/git-client-4.4.0.jar:/home/tscherler/.m2/repository/io/jenkins/plugins/mina-sshd-api/mina-sshd-api-common/2.10.0-69.v28e3e36d18eb_/mina-sshd-api-common-2.10.0-69.v28e3e36d18eb_.jar:/home/tscherler/.m2/repository/org/apache/sshd/sshd-common/2.10.0/sshd-common-2.10.0.jar:/home/tscherler/.m2/repository/io/jenkins/plugins/mina-sshd-api/mina-sshd-api-core/2.10.0-69.v28e3e36d18eb_/mina-sshd-api-core-2.10.0-69.v28e3e36d18eb_.jar:/home/tscherler/.m2/repository/org/apache/sshd/sshd-core/2.10.0/sshd-core-2.10.0.jar:/home/tscherler/.m2/repository/org/eclipse/jgit/org.eclipse.jgit/6.6.0.202305301015-r/org.eclipse.jgit-6.6.0.202305301015-r.jar:/home/tscherler/.m2/repository/com/googlecode/javaewah/JavaEWAH/1.2.3/JavaEWAH-1.2.3.jar:/home/tscherler/.m2/repository/org/eclipse/jgit/org.eclipse.jgit.http.apache/6.6.0.202305301015-r/org.eclipse.jgit.http.apache-6.6.0.202305301015-r.jar:/home/tscherler/.m2/repository/org/eclipse/jgit/org.eclipse.jgit.http.server/6.6.0.202305301015-r/org.eclipse.jgit.http.server-6.6.0.202305301015-r.jar:/home/tscherler/.m2/repository/org/eclipse/jgit/org.eclipse.jgit.lfs/6.6.0.202305301015-r/org.eclipse.jgit.lfs-6.6.0.202305301015-r.jar:/home/tscherler/.m2/repository/com/google/code/gson/gson/2.10.1/gson-2.10.1.jar:/home/tscherler/.m2/repository/org/eclipse/jgit/org.eclipse.jgit.ssh.apache/6.6.0.202305301015-r/org.eclipse.jgit.ssh.apache-6.6.0.202305301015-r.jar:/home/tscherler/.m2/repository/org/jenkins-ci/plugins/trilead-api/2.84.v72119de229b_7/trilead-api-2.84.v72119de229b_7.jar:/home/tscherler/.m2/repository/org/jenkins-ci/trilead-ssh2/build-217-jenkins-247.v708a_8b_14f4b_a/trilead-ssh2-build-217-jenkins-247.v708a_8b_14f4b_a.jar:/home/tscherler/.m2/repository/net/i2p/crypto/eddsa/0.3.0/eddsa-0.3.0.jar:/home/tscherler/.m2/repository/com/google/crypto/tink/tink/1.7.0/tink-1.7.0.jar:/home/tscherler/.m2/repository/org/kohsuke/trilead-putty-extension/1.2/trilead-putty-extension-1.2.jar:/home/tscherler/.m2/repository/org/jenkins-ci/plugins/credentials/1271.v54b_1c2c6388a_/credentials-1271.v54b_1c2c6388a_.jar:/home/tscherler/.m2/repository/org/jenkins-ci/plugins/ssh-credentials/308.ve4497b_ccd8f4/ssh-credentials-308.ve4497b_ccd8f4.jar:/home/tscherler/.m2/repository/org/jenkins-ci/plugins/mailer/457.v3f72cb_e015e5/mailer-457.v3f72cb_e015e5.jar:/home/tscherler/.m2/repository/org/jenkins-ci/modules/instance-identity/173.va_37c494ec4e5/instance-identity-173.va_37c494ec4e5.jar:/home/tscherler/.m2/repository/org/jenkins-ci/plugins/credentials-binding/631.v861c06d062b_4/credentials-binding-631.v861c06d062b_4.jar:/home/tscherler/.m2/repository/org/jenkins-ci/plugins/plain-credentials/143.v1b_df8b_d3b_e48/plain-credentials-143.v1b_df8b_d3b_e48.jar:/home/tscherler/.m2/repository/org/jenkins-ci/plugins/workflow/workflow-multibranch/756.v891d88f2cd46/workflow-multibranch-756.v891d88f2cd46.jar:/home/tscherler/.m2/repository/org/jenkins-ci/plugins/branch-api/2.1122.v09cb_8ea_8a_724/branch-api-2.1122.v09cb_8ea_8a_724.jar:/home/tscherler/.m2/repository/org/jenkins-ci/plugins/cloudbees-folder/6.879.cb-v9d26f8fb_3a_d8/cloudbees-folder-6.879.cb-v9d26f8fb_3a_d8.jar:/home/tscherler/.m2/repository/org/jenkins-ci/plugins/pipeline-input-step/477.v339683a_8d55e/pipeline-input-step-477.v339683a_8d55e.jar:/home/tscherler/.m2/repository/com/cloudbees/nectar/plugins/nectar-license/8.41/nectar-license-8.41.jar:/home/tscherler/.m2/repository/com/cloudbees/endpoints/0.8/endpoints-0.8.jar:/home/tscherler/.m2/repository/com/cloudbees/jenkins/plugins/cloudbees-analytics/1.53/cloudbees-analytics-1.53-tests.jar:/home/tscherler/.m2/repository/io/jenkins/configuration-as-code/1670.v564dc8b_982d0/configuration-as-code-1670.v564dc8b_982d0.jar:/home/tscherler/.m2/repository/com/google/code/findbugs/jsr305/3.0.1/jsr305-3.0.1.jar:/home/tscherler/.m2/repository/io/jenkins/plugins/commons-text-api/1.10.0-68.v0d0b_c439292b_/commons-text-api-1.10.0-68.v0d0b_c439292b_.jar:/home/tscherler/.m2/repository/org/apache/commons/commons-text/1.10.0/commons-text-1.10.0.jar:/home/tscherler/.m2/repository/io/vavr/vavr/0.10.4/vavr-0.10.4.jar:/home/tscherler/.m2/repository/io/vavr/vavr-match/0.10.4/vavr-match-0.10.4.jar:/home/tscherler/.m2/repository/org/json/json/20230227/json-20230227.jar:/home/tscherler/.m2/repository/io/jenkins/configuration-as-code/test-harness/1670.v564dc8b_982d0/test-harness-1670.v564dc8b_982d0.jar:/home/tscherler/.m2/repository/com/github/erosb/everit-json-schema/1.14.2/everit-json-schema-1.14.2.jar:/home/tscherler/.m2/repository/commons-validator/commons-validator/1.7/commons-validator-1.7.jar:/home/tscherler/.m2/repository/commons-digester/commons-digester/2.1/commons-digester-2.1.jar:/home/tscherler/.m2/repository/com/damnhandy/handy-uri-templates/2.1.8/handy-uri-templates-2.1.8.jar:/home/tscherler/.m2/repository/joda-time/joda-time/2.10.2/joda-time-2.10.2.jar:/home/tscherler/.m2/repository/com/google/re2j/re2j/1.6/re2j-1.6.jar:/home/tscherler/.m2/repository/com/github/stefanbirkner/system-rules/1.19.0/system-rules-1.19.0.jar:/home/tscherler/.m2/repository/com/vladsch/flexmark/flexmark-all/0.64.8/flexmark-all-0.64.8.jar:/home/tscherler/.m2/repository/com/vladsch/flexmark/flexmark/0.64.8/flexmark-0.64.8.jar:/home/tscherler/.m2/repository/com/vladsch/flexmark/flexmark-ext-abbreviation/0.64.8/flexmark-ext-abbreviation-0.64.8.jar:/home/tscherler/.m2/repository/com/vladsch/flexmark/flexmark-util/0.64.8/flexmark-util-0.64.8.jar:/home/tscherler/.m2/repository/com/vladsch/flexmark/flexmark-ext-admonition/0.64.8/flexmark-ext-admonition-0.64.8.jar:/home/tscherler/.m2/repository/com/vladsch/flexmark/flexmark-ext-anchorlink/0.64.8/flexmark-ext-anchorlink-0.64.8.jar:/home/tscherler/.m2/repository/com/vladsch/flexmark/flexmark-ext-aside/0.64.8/flexmark-ext-aside-0.64.8.jar:/home/tscherler/.m2/repository/com/vladsch/flexmark/flexmark-ext-attributes/0.64.8/flexmark-ext-attributes-0.64.8.jar:/home/tscherler/.m2/repository/com/vladsch/flexmark/flexmark-ext-autolink/0.64.8/flexmark-ext-autolink-0.64.8.jar:/home/tscherler/.m2/repository/org/nibor/autolink/autolink/0.6.0/autolink-0.6.0.jar:/home/tscherler/.m2/repository/com/vladsch/flexmark/flexmark-ext-definition/0.64.8/flexmark-ext-definition-0.64.8.jar:/home/tscherler/.m2/repository/com/vladsch/flexmark/flexmark-ext-emoji/0.64.8/flexmark-ext-emoji-0.64.8.jar:/home/tscherler/.m2/repository/com/vladsch/flexmark/flexmark-ext-enumerated-reference/0.64.8/flexmark-ext-enumerated-reference-0.64.8.jar:/home/tscherler/.m2/repository/com/vladsch/flexmark/flexmark-ext-escaped-character/0.64.8/flexmark-ext-escaped-character-0.64.8.jar:/home/tscherler/.m2/repository/com/vladsch/flexmark/flexmark-ext-footnotes/0.64.8/flexmark-ext-footnotes-0.64.8.jar:/home/tscherler/.m2/repository/com/vladsch/flexmark/flexmark-ext-gfm-issues/0.64.8/flexmark-ext-gfm-issues-0.64.8.jar:/home/tscherler/.m2/repository/com/vladsch/flexmark/flexmark-ext-gfm-strikethrough/0.64.8/flexmark-ext-gfm-strikethrough-0.64.8.jar:/home/tscherler/.m2/repository/com/vladsch/flexmark/flexmark-ext-gfm-tasklist/0.64.8/flexmark-ext-gfm-tasklist-0.64.8.jar:/home/tscherler/.m2/repository/com/vladsch/flexmark/flexmark-ext-gfm-users/0.64.8/flexmark-ext-gfm-users-0.64.8.jar:/home/tscherler/.m2/repository/com/vladsch/flexmark/flexmark-ext-gitlab/0.64.8/flexmark-ext-gitlab-0.64.8.jar:/home/tscherler/.m2/repository/com/vladsch/flexmark/flexmark-ext-jekyll-front-matter/0.64.8/flexmark-ext-jekyll-front-matter-0.64.8.jar:/home/tscherler/.m2/repository/com/vladsch/flexmark/flexmark-ext-jekyll-tag/0.64.8/flexmark-ext-jekyll-tag-0.64.8.jar:/home/tscherler/.m2/repository/com/vladsch/flexmark/flexmark-ext-media-tags/0.64.8/flexmark-ext-media-tags-0.64.8.jar:/home/tscherler/.m2/repository/com/vladsch/flexmark/flexmark-ext-resizable-image/0.64.8/flexmark-ext-resizable-image-0.64.8.jar:/home/tscherler/.m2/repository/com/vladsch/flexmark/flexmark-ext-macros/0.64.8/flexmark-ext-macros-0.64.8.jar:/home/tscherler/.m2/repository/com/vladsch/flexmark/flexmark-ext-ins/0.64.8/flexmark-ext-ins-0.64.8.jar:/home/tscherler/.m2/repository/com/vladsch/flexmark/flexmark-ext-xwiki-macros/0.64.8/flexmark-ext-xwiki-macros-0.64.8.jar:/home/tscherler/.m2/repository/com/vladsch/flexmark/flexmark-ext-superscript/0.64.8/flexmark-ext-superscript-0.64.8.jar:/home/tscherler/.m2/repository/com/vladsch/flexmark/flexmark-ext-tables/0.64.8/flexmark-ext-tables-0.64.8.jar:/home/tscherler/.m2/repository/com/vladsch/flexmark/flexmark-ext-toc/0.64.8/flexmark-ext-toc-0.64.8.jar:/home/tscherler/.m2/repository/com/vladsch/flexmark/flexmark-ext-typographic/0.64.8/flexmark-ext-typographic-0.64.8.jar:/home/tscherler/.m2/repository/com/vladsch/flexmark/flexmark-ext-wikilink/0.64.8/flexmark-ext-wikilink-0.64.8.jar:/home/tscherler/.m2/repository/com/vladsch/flexmark/flexmark-ext-yaml-front-matter/0.64.8/flexmark-ext-yaml-front-matter-0.64.8.jar:/home/tscherler/.m2/repository/com/vladsch/flexmark/flexmark-ext-youtube-embedded/0.64.8/flexmark-ext-youtube-embedded-0.64.8.jar:/home/tscherler/.m2/repository/com/vladsch/flexmark/flexmark-html2md-converter/0.64.8/flexmark-html2md-converter-0.64.8.jar:/home/tscherler/.m2/repository/org/jsoup/jsoup/1.15.4/jsoup-1.15.4.jar:/home/tscherler/.m2/repository/com/vladsch/flexmark/flexmark-jira-converter/0.64.8/flexmark-jira-converter-0.64.8.jar:/home/tscherler/.m2/repository/com/vladsch/flexmark/flexmark-pdf-converter/0.64.8/flexmark-pdf-converter-0.64.8.jar:/home/tscherler/.m2/repository/com/ibm/icu/icu4j/72.1/icu4j-72.1.jar:/home/tscherler/.m2/repository/com/openhtmltopdf/openhtmltopdf-core/1.0.10/openhtmltopdf-core-1.0.10.jar:/home/tscherler/.m2/repository/com/openhtmltopdf/openhtmltopdf-pdfbox/1.0.10/openhtmltopdf-pdfbox-1.0.10.jar:/home/tscherler/.m2/repository/org/apache/pdfbox/pdfbox/2.0.24/pdfbox-2.0.24.jar:/home/tscherler/.m2/repository/org/apache/pdfbox/fontbox/2.0.24/fontbox-2.0.24.jar:/home/tscherler/.m2/repository/org/apache/pdfbox/xmpbox/2.0.24/xmpbox-2.0.24.jar:/home/tscherler/.m2/repository/de/rototor/pdfbox/graphics2d/0.32/graphics2d-0.32.jar:/home/tscherler/.m2/repository/com/openhtmltopdf/openhtmltopdf-rtl-support/1.0.10/openhtmltopdf-rtl-support-1.0.10.jar:/home/tscherler/.m2/repository/com/vladsch/flexmark/flexmark-profile-pegdown/0.64.8/flexmark-profile-pegdown-0.64.8.jar:/home/tscherler/.m2/repository/com/vladsch/flexmark/flexmark-util-ast/0.64.8/flexmark-util-ast-0.64.8.jar:/home/tscherler/.m2/repository/org/jetbrains/annotations/24.0.1/annotations-24.0.1.jar:/home/tscherler/.m2/repository/com/vladsch/flexmark/flexmark-util-builder/0.64.8/flexmark-util-builder-0.64.8.jar:/home/tscherler/.m2/repository/com/vladsch/flexmark/flexmark-util-collection/0.64.8/flexmark-util-collection-0.64.8.jar:/home/tscherler/.m2/repository/com/vladsch/flexmark/flexmark-util-data/0.64.8/flexmark-util-data-0.64.8.jar:/home/tscherler/.m2/repository/com/vladsch/flexmark/flexmark-util-dependency/0.64.8/flexmark-util-dependency-0.64.8.jar:/home/tscherler/.m2/repository/com/vladsch/flexmark/flexmark-util-format/0.64.8/flexmark-util-format-0.64.8.jar:/home/tscherler/.m2/repository/com/vladsch/flexmark/flexmark-util-html/0.64.8/flexmark-util-html-0.64.8.jar:/home/tscherler/.m2/repository/com/vladsch/flexmark/flexmark-util-misc/0.64.8/flexmark-util-misc-0.64.8.jar:/home/tscherler/.m2/repository/com/vladsch/flexmark/flexmark-util-options/0.64.8/flexmark-util-options-0.64.8.jar:/home/tscherler/.m2/repository/com/vladsch/flexmark/flexmark-util-sequence/0.64.8/flexmark-util-sequence-0.64.8.jar:/home/tscherler/.m2/repository/com/vladsch/flexmark/flexmark-util-visitor/0.64.8/flexmark-util-visitor-0.64.8.jar:/home/tscherler/.m2/repository/com/vladsch/flexmark/flexmark-youtrack-converter/0.64.8/flexmark-youtrack-converter-0.64.8.jar:/home/tscherler/.m2/repository/junit/junit/4.13.2/junit-4.13.2.jar:/home/tscherler/.m2/repository/org/mockito/mockito-core/5.5.0/mockito-core-5.5.0.jar:/home/tscherler/.m2/repository/net/bytebuddy/byte-buddy/1.14.6/byte-buddy-1.14.6.jar:/home/tscherler/.m2/repository/net/bytebuddy/byte-buddy-agent/1.14.6/byte-buddy-agent-1.14.6.jar:/home/tscherler/.m2/repository/org/objenesis/objenesis/3.3/objenesis-3.3.jar:/home/tscherler/.m2/repository/org/jenkins-ci/plugins/pipeline-stage-step/305.ve96d0205c1c6/pipeline-stage-step-305.ve96d0205c1c6.jar:/home/tscherler/.m2/repository/org/jenkins-ci/plugins/timestamper/1.25/timestamper-1.25.jar:/home/tscherler/.m2/repository/org/jenkins-ci/plugins/antisamy-markup-formatter/162.v0e6ec0fcfcf6/antisamy-markup-formatter-162.v0e6ec0fcfcf6.jar:/home/tscherler/.m2/repository/com/googlecode/owasp-java-html-sanitizer/owasp-java-html-sanitizer/20220608.1/owasp-java-html-sanitizer-20220608.1.jar:/home/tscherler/.m2/repository/org/jenkins-ci/plugins/git/5.2.0/git-5.2.0-tests.jar:/home/tscherler/.m2/repository/org/jenkins-ci/plugins/token-macro/384.vf35b_f26814ec/token-macro-384.vf35b_f26814ec.jar:/home/tscherler/.m2/repository/com/jayway/jsonpath/json-path/2.8.0/json-path-2.8.0.jar:/home/tscherler/.m2/repository/net/minidev/json-smart/2.4.10/json-smart-2.4.10.jar:/home/tscherler/.m2/repository/net/minidev/accessors-smart/2.4.9/accessors-smart-2.4.9.jar:/home/tscherler/.m2/repository/org/jenkins-ci/plugins/workflow/workflow-multibranch/756.v891d88f2cd46/workflow-multibranch-756.v891d88f2cd46-tests.jar:/home/tscherler/.m2/repository/org/jenkinsci/plugins/pipeline-model-definition/2.2144.v077a_d1928a_40/pipeline-model-definition-2.2144.v077a_d1928a_40.jar:/home/tscherler/.m2/repository/org/jenkinsci/plugins/pipeline-model-api/2.2144.v077a_d1928a_40/pipeline-model-api-2.2144.v077a_d1928a_40.jar:/home/tscherler/.m2/repository/com/github/java-json-tools/json-schema-validator/2.2.14/json-schema-validator-2.2.14.jar:/home/tscherler/.m2/repository/com/github/java-json-tools/jackson-coreutils-equivalence/1.0/jackson-coreutils-equivalence-1.0.jar:/home/tscherler/.m2/repository/com/github/java-json-tools/jackson-coreutils/2.0/jackson-coreutils-2.0.jar:/home/tscherler/.m2/repository/com/github/java-json-tools/msg-simple/1.2/msg-simple-1.2.jar:/home/tscherler/.m2/repository/com/github/java-json-tools/btf/1.3/btf-1.3.jar:/home/tscherler/.m2/repository/com/github/java-json-tools/json-schema-core/1.2.14/json-schema-core-1.2.14.jar:/home/tscherler/.m2/repository/com/github/java-json-tools/uri-template/0.10/uri-template-0.10.jar:/home/tscherler/.m2/repository/org/mozilla/rhino/1.7.7.2/rhino-1.7.7.2.jar:/home/tscherler/.m2/repository/com/sun/mail/mailapi/1.6.2/mailapi-1.6.2.jar:/home/tscherler/.m2/repository/com/googlecode/libphonenumber/libphonenumber/8.11.1/libphonenumber-8.11.1.jar:/home/tscherler/.m2/repository/org/jenkinsci/plugins/pipeline-model-extensions/2.2144.v077a_d1928a_40/pipeline-model-extensions-2.2144.v077a_d1928a_40.jar:/home/tscherler/.m2/repository/org/jenkinsci/plugins/pipeline-stage-tags-metadata/2.2144.v077a_d1928a_40/pipeline-stage-tags-metadata-2.2144.v077a_d1928a_40.jar:/home/tscherler/.m2/repository/io/jenkins/plugins/pipeline-groovy-lib/671.v07c339c842e8/pipeline-groovy-lib-671.v07c339c842e8.jar:/home/tscherler/.m2/repository/org/apache/ivy/ivy/2.5.1/ivy-2.5.1.jar:/home/tscherler/.m2/repository/org/jenkins-ci/plugins/scm-api/676.v886669a_199a_a_/scm-api-676.v886669a_199a_a_-tests.jar:/home/tscherler/.m2/repository/org/jenkins-ci/plugins/workflow/workflow-api/1259.vb_47f14fffc8a_/workflow-api-1259.vb_47f14fffc8a_-tests.jar:/home/tscherler/.m2/repository/org/jenkins-ci/plugins/workflow/workflow-basic-steps/1042.ve7b_140c4a_e0c/workflow-basic-steps-1042.ve7b_140c4a_e0c.jar:/home/tscherler/.m2/repository/org/jenkins-ci/plugins/apache-httpcomponents-client-4-api/4.5.14-150.v7a_b_9d17134a_5/apache-httpcomponents-client-4-api-4.5.14-150.v7a_b_9d17134a_5.jar:/home/tscherler/.m2/repository/org/apache/httpcomponents/httpcore/4.4.16/httpcore-4.4.16.jar:/home/tscherler/.m2/repository/org/apache/httpcomponents/httpcore-nio/4.4.16/httpcore-nio-4.4.16.jar:/home/tscherler/.m2/repository/org/apache/httpcomponents/httpclient/4.5.14/httpclient-4.5.14.jar:/home/tscherler/.m2/repository/org/apache/httpcomponents/httpmime/4.5.14/httpmime-4.5.14.jar:/home/tscherler/.m2/repository/org/apache/httpcomponents/fluent-hc/4.5.14/fluent-hc-4.5.14.jar:/home/tscherler/.m2/repository/org/apache/httpcomponents/httpclient-cache/4.5.14/httpclient-cache-4.5.14.jar:/home/tscherler/.m2/repository/org/apache/httpcomponents/httpasyncclient/4.1.5/httpasyncclient-4.1.5.jar:/home/tscherler/.m2/repository/org/apache/httpcomponents/httpasyncclient-cache/4.1.5/httpasyncclient-cache-4.1.5.jar:/home/tscherler/.m2/repository/io/jenkins/plugins/jakarta-mail-api/2.0.1-3/jakarta-mail-api-2.0.1-3.jar:/home/tscherler/.m2/repository/com/sun/mail/jakarta.mail/2.0.1/jakarta.mail-2.0.1.jar:/home/tscherler/.m2/repository/io/jenkins/plugins/jakarta-activation-api/2.0.1-3/jakarta-activation-api-2.0.1-3.jar:/home/tscherler/.m2/repository/com/sun/activation/jakarta.activation/2.0.1/jakarta.activation-2.0.1.jar:/home/tscherler/.m2/repository/org/jenkins-ci/plugins/workflow/workflow-durable-task-step/1284.v4fcd365b_75b_e/workflow-durable-task-step-1284.v4fcd365b_75b_e.jar:/home/tscherler/.m2/repository/org/jenkins-ci/plugins/durable-task/513.vc48a_a_075a_d93/durable-task-513.vc48a_a_075a_d93.jar:/home/tscherler/.m2/repository/io/jenkins/plugins/lib-durable-task/40.vc66cf8fb_4613/lib-durable-task-40.vc66cf8fb_4613.jar:/home/tscherler/.m2/repository/org/jenkins-ci/plugins/cors-filter/1.1/cors-filter-1.1.jar:/home/tscherler/.m2/repository/org/jenkins-ci/plugins/workflow/workflow-support/848.v5a_383b_d14921/workflow-support-848.v5a_383b_d14921-tests.jar:/home/tscherler/.m2/repository/org/jboss/marshalling/jboss-marshalling-river/2.1.0.Final/jboss-marshalling-river-2.1.0.Final.jar:/home/tscherler/.m2/repository/org/jboss/marshalling/jboss-marshalling/2.1.0.Final/jboss-marshalling-2.1.0.Final.jar:/home/tscherler/.m2/repository/org/awaitility/awaitility/4.2.0/awaitility-4.2.0.jar:/home/tscherler/.m2/repository/org/hamcrest/hamcrest/2.2/hamcrest-2.2.jar:/home/tscherler/.m2/repository/net/datafaker/datafaker/1.9.0/datafaker-1.9.0.jar:/home/tscherler/.m2/repository/com/github/mifmif/generex/1.0.2/generex-1.0.2.jar:/home/tscherler/.m2/repository/dk/brics/automaton/automaton/1.11-8/automaton-1.11-8.jar:/home/tscherler/.m2/repository/org/jenkins-ci/main/jenkins-core/2.414.1-cb-15/jenkins-core-2.414.1-cb-15.jar:/home/tscherler/.m2/repository/org/jenkins-ci/main/cli/2.414.1-cb-15/cli-2.414.1-cb-15.jar:/home/tscherler/.m2/repository/org/jenkins-ci/main/remoting/3131.3167.cb-vb_5f959e9b_16e/remoting-3131.3167.cb-vb_5f959e9b_16e.jar:/home/tscherler/.m2/repository/args4j/args4j/2.33/args4j-2.33.jar:/home/tscherler/.m2/repository/com/github/spotbugs/spotbugs-annotations/4.7.3/spotbugs-annotations-4.7.3.jar:/home/tscherler/.m2/repository/com/google/guava/guava/32.1.1-jre/guava-32.1.1-jre.jar:/home/tscherler/.m2/repository/com/google/guava/failureaccess/1.0.1/failureaccess-1.0.1.jar:/home/tscherler/.m2/repository/com/google/guava/listenablefuture/9999.0-empty-to-avoid-conflict-with-guava/listenablefuture-9999.0-empty-to-avoid-conflict-with-guava.jar:/home/tscherler/.m2/repository/com/google/inject/guice/6.0.0/guice-6.0.0.jar:/home/tscherler/.m2/repository/javax/inject/javax.inject/1/javax.inject-1.jar:/home/tscherler/.m2/repository/jakarta/inject/jakarta.inject-api/2.0.1/jakarta.inject-api-2.0.1.jar:/home/tscherler/.m2/repository/com/infradna/tool/bridge-method-annotation/1.27/bridge-method-annotation-1.27.jar:/home/tscherler/.m2/repository/com/jcraft/jzlib/1.1.3-kohsuke-1/jzlib-1.1.3-kohsuke-1.jar:/home/tscherler/.m2/repository/com/sun/solaris/embedded_su4j/1.1/embedded_su4j-1.1.jar:/home/tscherler/.m2/repository/com/sun/xml/txw2/txw2/20110809/txw2-20110809.jar:/home/tscherler/.m2/repository/relaxngDatatype/relaxngDatatype/20020414/relaxngDatatype-20020414.jar:/home/tscherler/.m2/repository/com/thoughtworks/xstream/xstream/1.4.20/xstream-1.4.20.jar:/home/tscherler/.m2/repository/io/github/x-stream/mxparser/1.2.2/mxparser-1.2.2.jar:/home/tscherler/.m2/repository/commons-beanutils/commons-beanutils/1.9.4/commons-beanutils-1.9.4.jar:/home/tscherler/.m2/repository/commons-codec/commons-codec/1.16.0/commons-codec-1.16.0.jar:/home/tscherler/.m2/repository/commons-collections/commons-collections/3.2.2/commons-collections-3.2.2.jar:/home/tscherler/.m2/repository/commons-fileupload/commons-fileupload/1.5/commons-fileupload-1.5.jar:/home/tscherler/.m2/repository/commons-io/commons-io/2.13.0/commons-io-2.13.0.jar:/home/tscherler/.m2/repository/commons-jelly/commons-jelly-tags-fmt/1.0/commons-jelly-tags-fmt-1.0.jar:/home/tscherler/.m2/repository/commons-jelly/commons-jelly-tags-xml/1.1/commons-jelly-tags-xml-1.1.jar:/home/tscherler/.m2/repository/commons-lang/commons-lang/2.6/commons-lang-2.6.jar:/home/tscherler/.m2/repository/io/jenkins/stapler/jenkins-stapler-support/1.1/jenkins-stapler-support-1.1.jar:/home/tscherler/.m2/repository/jakarta/servlet/jsp/jstl/jakarta.servlet.jsp.jstl-api/1.2.7/jakarta.servlet.jsp.jstl-api-1.2.7.jar:/home/tscherler/.m2/repository/jaxen/jaxen/2.0.0/jaxen-2.0.0.jar:/home/tscherler/.m2/repository/jline/jline/2.14.6/jline-2.14.6.jar:/home/tscherler/.m2/repository/net/java/dev/jna/jna/5.13.0/jna-5.13.0.jar:/home/tscherler/.m2/repository/net/java/sezpoz/sezpoz/1.13/sezpoz-1.13.jar:/home/tscherler/.m2/repository/net/jcip/jcip-annotations/1.0/jcip-annotations-1.0.jar:/home/tscherler/.m2/repository/net/sf/kxml/kxml2/2.3.0/kxml2-2.3.0.jar:/home/tscherler/.m2/repository/org/antlr/antlr4-runtime/4.13.0/antlr4-runtime-4.13.0.jar:/home/tscherler/.m2/repository/org/apache/ant/ant/1.10.13/ant-1.10.13.jar:/home/tscherler/.m2/repository/org/apache/ant/ant-launcher/1.10.13/ant-launcher-1.10.13.jar:/home/tscherler/.m2/repository/org/apache/commons/commons-compress/1.23.0/commons-compress-1.23.0.jar:/home/tscherler/.m2/repository/org/codehaus/groovy/groovy-all/2.4.21/groovy-all-2.4.21.jar:/home/tscherler/.m2/repository/org/connectbot/jbcrypt/jbcrypt/1.0.0/jbcrypt-1.0.0.jar:/home/tscherler/.m2/repository/org/fusesource/jansi/jansi/1.11/jansi-1.11.jar:/home/tscherler/.m2/repository/org/jenkins-ci/annotation-indexer/1.17/annotation-indexer-1.17.jar:/home/tscherler/.m2/repository/org/jenkins-ci/commons-jexl/1.1-jenkins-20111212/commons-jexl-1.1-jenkins-20111212.jar:/home/tscherler/.m2/repository/org/jenkins-ci/crypto-util/1.9/crypto-util-1.9.jar:/home/tscherler/.m2/repository/org/jenkins-ci/memory-monitor/1.12/memory-monitor-1.12.jar:/home/tscherler/.m2/repository/org/jenkins-ci/symbol-annotation/1.24/symbol-annotation-1.24.jar:/home/tscherler/.m2/repository/org/jenkins-ci/task-reactor/1.8/task-reactor-1.8.jar:/home/tscherler/.m2/repository/org/jenkins-ci/version-number/1.11/version-number-1.11.jar:/home/tscherler/.m2/repository/org/jenkins-ci/main/websocket-spi/2.414.1-cb-15/websocket-spi-2.414.1-cb-15.jar:/home/tscherler/.m2/repository/org/jfree/jfreechart/1.0.19/jfreechart-1.0.19.jar:/home/tscherler/.m2/repository/org/jfree/jcommon/1.0.23/jcommon-1.0.23.jar:/home/tscherler/.m2/repository/org/jvnet/hudson/commons-jelly-tags-define/1.1-jenkins-20230124/commons-jelly-tags-define-1.1-jenkins-20230124.jar:/home/tscherler/.m2/repository/org/jenkins-ci/commons-jelly/1.1-jenkins-20230124/commons-jelly-1.1-jenkins-20230124.jar:/home/tscherler/.m2/repository/org/jvnet/localizer/localizer/1.31/localizer-1.31.jar:/home/tscherler/.m2/repository/org/jvnet/robust-http-client/robust-http-client/1.2/robust-http-client-1.2.jar:/home/tscherler/.m2/repository/org/jvnet/winp/winp/1.30/winp-1.30.jar:/home/tscherler/.m2/repository/org/kohsuke/access-modifier-annotation/1.32/access-modifier-annotation-1.32.jar:/home/tscherler/.m2/repository/org/kohsuke/windows-package-checker/1.2/windows-package-checker-1.2.jar:/home/tscherler/.m2/repository/org/kohsuke/jinterop/j-interop/2.0.8-kohsuke-1/j-interop-2.0.8-kohsuke-1.jar:/home/tscherler/.m2/repository/org/kohsuke/jinterop/j-interopdeps/2.0.8-kohsuke-1/j-interopdeps-2.0.8-kohsuke-1.jar:/home/tscherler/.m2/repository/org/samba/jcifs/jcifs/1.3.18-kohsuke-1/jcifs-1.3.18-kohsuke-1.jar:/home/tscherler/.m2/repository/org/kohsuke/stapler/json-lib/2.4-jenkins-3/json-lib-2.4-jenkins-3.jar:/home/tscherler/.m2/repository/net/sf/ezmorph/ezmorph/1.0.6/ezmorph-1.0.6.jar:/home/tscherler/.m2/repository/org/kohsuke/stapler/stapler/1785.1829.cb-va_7032b_d8857c/stapler-1785.1829.cb-va_7032b_d8857c.jar:/home/tscherler/.m2/repository/commons-discovery/commons-discovery/0.5/commons-discovery-0.5.jar:/home/tscherler/.m2/repository/jakarta/annotation/jakarta.annotation-api/2.1.1/jakarta.annotation-api-2.1.1.jar:/home/tscherler/.m2/repository/javax/annotation/javax.annotation-api/1.3.2/javax.annotation-api-1.3.2.jar:/home/tscherler/.m2/repository/org/jvnet/tiger-types/2.2/tiger-types-2.2.jar:/home/tscherler/.m2/repository/org/kohsuke/stapler/stapler-adjunct-codemirror/1.3/stapler-adjunct-codemirror-1.3.jar:/home/tscherler/.m2/repository/org/kohsuke/stapler/stapler-adjunct-timeline/1.5/stapler-adjunct-timeline-1.5.jar:/home/tscherler/.m2/repository/org/kohsuke/stapler/stapler-groovy/1785.1829.cb-va_7032b_d8857c/stapler-groovy-1785.1829.cb-va_7032b_d8857c.jar:/home/tscherler/.m2/repository/org/kohsuke/stapler/stapler-jelly/1785.1829.cb-va_7032b_d8857c/stapler-jelly-1785.1829.cb-va_7032b_d8857c.jar:/home/tscherler/.m2/repository/org/dom4j/dom4j/2.1.4/dom4j-2.1.4.jar:/home/tscherler/.m2/repository/org/ow2/asm/asm/9.5/asm-9.5.jar:/home/tscherler/.m2/repository/org/ow2/asm/asm-analysis/9.5/asm-analysis-9.5.jar:/home/tscherler/.m2/repository/org/ow2/asm/asm-commons/9.5/asm-commons-9.5.jar:/home/tscherler/.m2/repository/org/ow2/asm/asm-tree/9.5/asm-tree-9.5.jar:/home/tscherler/.m2/repository/org/ow2/asm/asm-util/9.5/asm-util-9.5.jar:/home/tscherler/.m2/repository/org/slf4j/jcl-over-slf4j/2.0.7/jcl-over-slf4j-2.0.7.jar:/home/tscherler/.m2/repository/org/slf4j/slf4j-api/2.0.7/slf4j-api-2.0.7.jar:/home/tscherler/.m2/repository/org/slf4j/log4j-over-slf4j/2.0.7/log4j-over-slf4j-2.0.7.jar:/home/tscherler/.m2/repository/org/springframework/security/spring-security-web/5.8.4/spring-security-web-5.8.4.jar:/home/tscherler/.m2/repository/org/springframework/security/spring-security-core/5.8.4/spring-security-core-5.8.4.jar:/home/tscherler/.m2/repository/org/springframework/security/spring-security-crypto/5.8.4/spring-security-crypto-5.8.4.jar:/home/tscherler/.m2/repository/org/springframework/spring-core/5.3.28/spring-core-5.3.28.jar:/home/tscherler/.m2/repository/org/springframework/spring-aop/5.3.28/spring-aop-5.3.28.jar:/home/tscherler/.m2/repository/org/springframework/spring-beans/5.3.28/spring-beans-5.3.28.jar:/home/tscherler/.m2/repository/org/springframework/spring-context/5.3.28/spring-context-5.3.28.jar:/home/tscherler/.m2/repository/org/springframework/spring-expression/5.3.28/spring-expression-5.3.28.jar:/home/tscherler/.m2/repository/org/springframework/spring-web/5.3.28/spring-web-5.3.28.jar:/home/tscherler/.m2/repository/xpp3/xpp3/1.1.4c/xpp3-1.1.4c.jar:/home/tscherler/.m2/repository/org/jenkins-ci/main/jenkins-war/2.414.1-cb-15/jenkins-war-2.414.1-cb-15.war:/home/tscherler/.m2/repository/org/jenkins-ci/main/websocket-jetty10/2.414.1-cb-15/websocket-jetty10-2.414.1-cb-15.jar:/home/tscherler/.m2/repository/org/slf4j/slf4j-jdk14/2.0.7/slf4j-jdk14-2.0.7.jar:/home/tscherler/.m2/repository/jakarta/servlet/jakarta.servlet-api/4.0.4/jakarta.servlet-api-4.0.4.jar:/home/tscherler/.m2/repository/commons-logging/commons-logging/1.2/commons-logging-1.2.jar:/home/tscherler/.m2/repository/org/jenkins-ci/main/jenkins-test-harness/2064.vcd3b_b_8f3f2b_a_/jenkins-test-harness-2064.vcd3b_b_8f3f2b_a_.jar:/home/tscherler/.m2/repository/io/jenkins/lib/support-log-formatter/1.2/support-log-formatter-1.2.jar:/home/tscherler/.m2/repository/org/eclipse/jetty/jetty-security/10.0.15/jetty-security-10.0.15.jar:/home/tscherler/.m2/repository/org/eclipse/jetty/jetty-server/10.0.15/jetty-server-10.0.15.jar:/home/tscherler/.m2/repository/org/eclipse/jetty/jetty-http/10.0.15/jetty-http-10.0.15.jar:/home/tscherler/.m2/repository/org/eclipse/jetty/jetty-io/10.0.15/jetty-io-10.0.15.jar:/home/tscherler/.m2/repository/org/eclipse/jetty/jetty-webapp/10.0.15/jetty-webapp-10.0.15.jar:/home/tscherler/.m2/repository/org/eclipse/jetty/jetty-servlet/10.0.15/jetty-servlet-10.0.15.jar:/home/tscherler/.m2/repository/org/eclipse/jetty/jetty-xml/10.0.15/jetty-xml-10.0.15.jar:/home/tscherler/.m2/repository/org/eclipse/jetty/jetty-util/10.0.15/jetty-util-10.0.15.jar:/home/tscherler/.m2/repository/org/eclipse/jetty/websocket/websocket-jetty-server/10.0.15/websocket-jetty-server-10.0.15.jar:/home/tscherler/.m2/repository/org/eclipse/jetty/websocket/websocket-jetty-api/10.0.15/websocket-jetty-api-10.0.15.jar:/home/tscherler/.m2/repository/org/eclipse/jetty/websocket/websocket-jetty-common/10.0.15/websocket-jetty-common-10.0.15.jar:/home/tscherler/.m2/repository/org/eclipse/jetty/websocket/websocket-core-common/10.0.15/websocket-core-common-10.0.15.jar:/home/tscherler/.m2/repository/org/eclipse/jetty/websocket/websocket-servlet/10.0.15/websocket-servlet-10.0.15.jar:/home/tscherler/.m2/repository/org/eclipse/jetty/websocket/websocket-core-server/10.0.15/websocket-core-server-10.0.15.jar:/home/tscherler/.m2/repository/org/eclipse/jetty/toolchain/jetty-servlet-api/4.0.6/jetty-servlet-api-4.0.6.jar:/home/tscherler/.m2/repository/org/jenkins-ci/main/jenkins-test-harness-htmlunit/154.v973ee207a_b_95/jenkins-test-harness-htmlunit-154.v973ee207a_b_95.jar:/home/tscherler/.m2/repository/org/junit/jupiter/junit-jupiter-api/5.10.0/junit-jupiter-api-5.10.0.jar:/home/tscherler/.m2/repository/org/opentest4j/opentest4j/1.3.0/opentest4j-1.3.0.jar:/home/tscherler/.m2/repository/org/junit/platform/junit-platform-commons/1.10.0/junit-platform-commons-1.10.0.jar:/home/tscherler/.m2/repository/org/netbeans/modules/org-netbeans-insane/RELEASE180/org-netbeans-insane-RELEASE180.jar:/home/tscherler/.m2/repository/org/openjdk/jmh/jmh-core/1.37/jmh-core-1.37.jar:/home/tscherler/.m2/repository/net/sf/jopt-simple/jopt-simple/5.0.4/jopt-simple-5.0.4.jar:/home/tscherler/.m2/repository/org/apache/commons/commons-math3/3.6.1/commons-math3-3.6.1.jar:/home/tscherler/.m2/repository/org/openjdk/jmh/jmh-generator-annprocess/1.37/jmh-generator-annprocess-1.37.jar:/home/tscherler/.m2/repository/org/jenkins-ci/test-annotations/1.4/test-annotations-1.4.jar:/home/tscherler/.m2/repository/org/junit/jupiter/junit-jupiter/5.10.0/junit-jupiter-5.10.0.jar:/home/tscherler/.m2/repository/org/junit/jupiter/junit-jupiter-params/5.10.0/junit-jupiter-params-5.10.0.jar:/home/tscherler/.m2/repository/org/junit/jupiter/junit-jupiter-engine/5.10.0/junit-jupiter-engine-5.10.0.jar:/home/tscherler/.m2/repository/org/junit/vintage/junit-vintage-engine/5.10.0/junit-vintage-engine-5.10.0.jar:/home/tscherler/.m2/repository/org/junit/platform/junit-platform-engine/1.10.0/junit-platform-engine-1.10.0.jar:/home/tscherler/.m2/repository/org/apiguardian/apiguardian-api/1.1.2/apiguardian-api-1.1.2.jar:"/>
    <property name="java.vm.vendor" value="Oracle Corporation"/>
    <property name="sun.arch.data.model" value="64"/>
    <property name="sun.font.fontmanager" value="sun.awt.X11FontManager"/>
    <property name="java.vendor.url" value="https://openjdk.java.net/"/>
    <property name="user.timezone" value="Europe/Madrid"/>
    <property name="java.vm.specification.version" value="11"/>
    <property name="os.name" value="Linux"/>
    <property name="sun.java.launcher" value="SUN_STANDARD"/>
    <property name="user.country" value="US"/>
    <property name="sun.boot.library.path" value="/src/opt/jdk-11.0.16/lib"/>
    <property name="sun.java.command" value="/src/jenkins/plugins/cloudbees-console-log-viewer/target/surefire/surefirebooter-20230922103155598_111.jar /src/jenkins/plugins/cloudbees-console-log-viewer/target/surefire 2023-09-22T10-31-53_891-jvmRun1 surefire-20230922103155598_109tmp surefire_10-20230922103155598_110tmp"/>
    <property name="jdk.debug" value="release"/>
    <property name="surefire.test.class.path" value="/src/jenkins/plugins/cloudbees-console-log-viewer/target/test-classes:/src/jenkins/plugins/cloudbees-console-log-viewer/target/classes:/home/tscherler/.m2/repository/org/jenkins-ci/plugins/jackson2-api/2.15.2-350.v0c2f3f8fc595/jackson2-api-2.15.2-350.v0c2f3f8fc595.jar:/home/tscherler/.m2/repository/com/fasterxml/jackson/core/jackson-databind/2.15.2/jackson-databind-2.15.2.jar:/home/tscherler/.m2/repository/com/fasterxml/jackson/datatype/jackson-datatype-jsr310/2.15.2/jackson-datatype-jsr310-2.15.2.jar:/home/tscherler/.m2/repository/com/fasterxml/jackson/datatype/jackson-datatype-jdk8/2.15.2/jackson-datatype-jdk8-2.15.2.jar:/home/tscherler/.m2/repository/com/fasterxml/jackson/datatype/jackson-datatype-json-org/2.15.2/jackson-datatype-json-org-2.15.2.jar:/home/tscherler/.m2/repository/com/fasterxml/jackson/module/jackson-module-parameter-names/2.15.2/jackson-module-parameter-names-2.15.2.jar:/home/tscherler/.m2/repository/com/fasterxml/jackson/core/jackson-core/2.15.2/jackson-core-2.15.2.jar:/home/tscherler/.m2/repository/com/fasterxml/jackson/core/jackson-annotations/2.15.2/jackson-annotations-2.15.2.jar:/home/tscherler/.m2/repository/com/fasterxml/jackson/module/jackson-module-jaxb-annotations/2.15.2/jackson-module-jaxb-annotations-2.15.2.jar:/home/tscherler/.m2/repository/com/fasterxml/jackson/dataformat/jackson-dataformat-cbor/2.15.2/jackson-dataformat-cbor-2.15.2.jar:/home/tscherler/.m2/repository/com/fasterxml/jackson/dataformat/jackson-dataformat-xml/2.15.2/jackson-dataformat-xml-2.15.2.jar:/home/tscherler/.m2/repository/org/codehaus/woodstox/stax2-api/4.2.1/stax2-api-4.2.1.jar:/home/tscherler/.m2/repository/com/fasterxml/woodstox/woodstox-core/6.5.1/woodstox-core-6.5.1.jar:/home/tscherler/.m2/repository/com/fasterxml/jackson/dataformat/jackson-dataformat-yaml/2.15.2/jackson-dataformat-yaml-2.15.2.jar:/home/tscherler/.m2/repository/io/jenkins/plugins/javax-activation-api/1.2.0-6/javax-activation-api-1.2.0-6.jar:/home/tscherler/.m2/repository/com/sun/activation/javax.activation/1.2.0/javax.activation-1.2.0.jar:/home/tscherler/.m2/repository/io/jenkins/plugins/jaxb/2.3.8-1/jaxb-2.3.8-1.jar:/home/tscherler/.m2/repository/com/sun/xml/bind/jaxb-impl/2.3.8/jaxb-impl-2.3.8.jar:/home/tscherler/.m2/repository/javax/xml/bind/jaxb-api/2.3.1/jaxb-api-2.3.1.jar:/home/tscherler/.m2/repository/io/jenkins/plugins/snakeyaml-api/1.33-95.va_b_a_e3e47b_fa_4/snakeyaml-api-1.33-95.va_b_a_e3e47b_fa_4.jar:/home/tscherler/.m2/repository/org/yaml/snakeyaml/1.33/snakeyaml-1.33.jar:/home/tscherler/.m2/repository/io/jenkins/plugins/caffeine-api/3.1.6-115.vb_8b_b_328e59d8/caffeine-api-3.1.6-115.vb_8b_b_328e59d8.jar:/home/tscherler/.m2/repository/com/github/ben-manes/caffeine/caffeine/3.1.6/caffeine-3.1.6.jar:/home/tscherler/.m2/repository/com/cloudbees/jenkins/plugins/cloudbees-analytics/1.53/cloudbees-analytics-1.53.jar:/home/tscherler/.m2/repository/com/cloudbees/analytics/api/cloudbees-analytics-api/1.13/cloudbees-analytics-api-1.13.jar:/home/tscherler/.m2/repository/com/cloudbees/jenkins/plugins/shaded-cloudbees-analytics-segment-driver/1.53/shaded-cloudbees-analytics-segment-driver-1.53.jar:/home/tscherler/.m2/repository/io/jenkins/plugins/commons-lang3-api/3.12.0-36.vd97de6465d5b_/commons-lang3-api-3.12.0-36.vd97de6465d5b_.jar:/home/tscherler/.m2/repository/org/apache/commons/commons-lang3/3.12.0/commons-lang3-3.12.0.jar:/home/tscherler/.m2/repository/com/cloudbees/nectar/plugins/cloudbees-license/9.78/cloudbees-license-9.78.jar:/home/tscherler/.m2/repository/org/jenkins-ci/plugins/bouncycastle-api/2.29/bouncycastle-api-2.29.jar:/home/tscherler/.m2/repository/org/bouncycastle/bcpkix-jdk18on/1.75/bcpkix-jdk18on-1.75.jar:/home/tscherler/.m2/repository/org/bouncycastle/bcprov-jdk18on/1.75/bcprov-jdk18on-1.75.jar:/home/tscherler/.m2/repository/org/bouncycastle/bcutil-jdk18on/1.75/bcutil-jdk18on-1.75.jar:/home/tscherler/.m2/repository/org/jenkins-ci/modules/optional-plugin-helper/1.1/optional-plugin-helper-1.1.jar:/home/tscherler/.m2/repository/org/jenkins-ci/plugins/scm-api/676.v886669a_199a_a_/scm-api-676.v886669a_199a_a_.jar:/home/tscherler/.m2/repository/io/jenkins/plugins/okhttp-api/4.11.0-157.v6852a_a_fa_ec11/okhttp-api-4.11.0-157.v6852a_a_fa_ec11.jar:/home/tscherler/.m2/repository/com/squareup/okio/okio/3.5.0/okio-3.5.0.jar:/home/tscherler/.m2/repository/com/squareup/okio/okio-jvm/3.5.0/okio-jvm-3.5.0.jar:/home/tscherler/.m2/repository/com/squareup/okhttp3/okhttp/4.11.0/okhttp-4.11.0.jar:/home/tscherler/.m2/repository/com/squareup/okhttp3/logging-interceptor/4.11.0/logging-interceptor-4.11.0.jar:/home/tscherler/.m2/repository/org/jetbrains/kotlin/kotlin-stdlib-common/1.9.0/kotlin-stdlib-common-1.9.0.jar:/home/tscherler/.m2/repository/org/jetbrains/kotlin/kotlin-stdlib-jdk8/1.9.0/kotlin-stdlib-jdk8-1.9.0.jar:/home/tscherler/.m2/repository/org/jetbrains/kotlin/kotlin-stdlib/1.9.0/kotlin-stdlib-1.9.0.jar:/home/tscherler/.m2/repository/org/jetbrains/kotlin/kotlin-stdlib-jdk7/1.9.0/kotlin-stdlib-jdk7-1.9.0.jar:/home/tscherler/.m2/repository/org/jenkins-ci/plugins/variant/59.vf075fe829ccb/variant-59.vf075fe829ccb.jar:/home/tscherler/.m2/repository/org/jenkins-ci/plugins/workflow/workflow-job/1351.cb-vb_4e044b_fd8f1/workflow-job-1351.cb-vb_4e044b_fd8f1.jar:/home/tscherler/.m2/repository/io/jenkins/plugins/ionicons-api/56.v1b_1c8c49374e/ionicons-api-56.v1b_1c8c49374e.jar:/home/tscherler/.m2/repository/org/jenkins-ci/plugins/workflow/workflow-step-api/639.v6eca_cd8c04a_a_/workflow-step-api-639.v6eca_cd8c04a_a_.jar:/home/tscherler/.m2/repository/org/jenkins-ci/plugins/workflow/workflow-api/1259.vb_47f14fffc8a_/workflow-api-1259.vb_47f14fffc8a_.jar:/home/tscherler/.m2/repository/org/jenkins-ci/plugins/workflow/workflow-support/848.v5a_383b_d14921/workflow-support-848.v5a_383b_d14921.jar:/home/tscherler/.m2/repository/org/jenkins-ci/plugins/workflow/workflow-cps/3769.v8b_e595e4d40d/workflow-cps-3769.v8b_e595e4d40d.jar:/home/tscherler/.m2/repository/org/jenkins-ci/plugins/workflow/workflow-scm-step/415.v434365564324/workflow-scm-step-415.v434365564324.jar:/home/tscherler/.m2/repository/org/jenkins-ci/plugins/script-security/1265.va_fb_290b_4b_d34/script-security-1265.va_fb_290b_4b_d34.jar:/home/tscherler/.m2/repository/org/kohsuke/groovy-sandbox/1.33/groovy-sandbox-1.33.jar:/home/tscherler/.m2/repository/org/jenkins-ci/plugins/structs/324.va_f5d6774f3a_d/structs-324.va_f5d6774f3a_d.jar:/home/tscherler/.m2/repository/com/cloudbees/groovy-cps/3769.v8b_e595e4d40d/groovy-cps-3769.v8b_e595e4d40d.jar:/home/tscherler/.m2/repository/com/cloudbees/diff4j/1.3/diff4j-1.3.jar:/home/tscherler/.m2/repository/org/jenkins-ci/plugins/display-url-api/2.3.9/display-url-api-2.3.9.jar:/home/tscherler/.m2/repository/org/jenkins-ci/plugins/git/5.2.0/git-5.2.0.jar:/home/tscherler/.m2/repository/org/jenkins-ci/plugins/git-client/4.4.0/git-client-4.4.0.jar:/home/tscherler/.m2/repository/io/jenkins/plugins/mina-sshd-api/mina-sshd-api-common/2.10.0-69.v28e3e36d18eb_/mina-sshd-api-common-2.10.0-69.v28e3e36d18eb_.jar:/home/tscherler/.m2/repository/org/apache/sshd/sshd-common/2.10.0/sshd-common-2.10.0.jar:/home/tscherler/.m2/repository/io/jenkins/plugins/mina-sshd-api/mina-sshd-api-core/2.10.0-69.v28e3e36d18eb_/mina-sshd-api-core-2.10.0-69.v28e3e36d18eb_.jar:/home/tscherler/.m2/repository/org/apache/sshd/sshd-core/2.10.0/sshd-core-2.10.0.jar:/home/tscherler/.m2/repository/org/eclipse/jgit/org.eclipse.jgit/6.6.0.202305301015-r/org.eclipse.jgit-6.6.0.202305301015-r.jar:/home/tscherler/.m2/repository/com/googlecode/javaewah/JavaEWAH/1.2.3/JavaEWAH-1.2.3.jar:/home/tscherler/.m2/repository/org/eclipse/jgit/org.eclipse.jgit.http.apache/6.6.0.202305301015-r/org.eclipse.jgit.http.apache-6.6.0.202305301015-r.jar:/home/tscherler/.m2/repository/org/eclipse/jgit/org.eclipse.jgit.http.server/6.6.0.202305301015-r/org.eclipse.jgit.http.server-6.6.0.202305301015-r.jar:/home/tscherler/.m2/repository/org/eclipse/jgit/org.eclipse.jgit.lfs/6.6.0.202305301015-r/org.eclipse.jgit.lfs-6.6.0.202305301015-r.jar:/home/tscherler/.m2/repository/com/google/code/gson/gson/2.10.1/gson-2.10.1.jar:/home/tscherler/.m2/repository/org/eclipse/jgit/org.eclipse.jgit.ssh.apache/6.6.0.202305301015-r/org.eclipse.jgit.ssh.apache-6.6.0.202305301015-r.jar:/home/tscherler/.m2/repository/org/jenkins-ci/plugins/trilead-api/2.84.v72119de229b_7/trilead-api-2.84.v72119de229b_7.jar:/home/tscherler/.m2/repository/org/jenkins-ci/trilead-ssh2/build-217-jenkins-247.v708a_8b_14f4b_a/trilead-ssh2-build-217-jenkins-247.v708a_8b_14f4b_a.jar:/home/tscherler/.m2/repository/net/i2p/crypto/eddsa/0.3.0/eddsa-0.3.0.jar:/home/tscherler/.m2/repository/com/google/crypto/tink/tink/1.7.0/tink-1.7.0.jar:/home/tscherler/.m2/repository/org/kohsuke/trilead-putty-extension/1.2/trilead-putty-extension-1.2.jar:/home/tscherler/.m2/repository/org/jenkins-ci/plugins/credentials/1271.v54b_1c2c6388a_/credentials-1271.v54b_1c2c6388a_.jar:/home/tscherler/.m2/repository/org/jenkins-ci/plugins/ssh-credentials/308.ve4497b_ccd8f4/ssh-credentials-308.ve4497b_ccd8f4.jar:/home/tscherler/.m2/repository/org/jenkins-ci/plugins/mailer/457.v3f72cb_e015e5/mailer-457.v3f72cb_e015e5.jar:/home/tscherler/.m2/repository/org/jenkins-ci/modules/instance-identity/173.va_37c494ec4e5/instance-identity-173.va_37c494ec4e5.jar:/home/tscherler/.m2/repository/org/jenkins-ci/plugins/credentials-binding/631.v861c06d062b_4/credentials-binding-631.v861c06d062b_4.jar:/home/tscherler/.m2/repository/org/jenkins-ci/plugins/plain-credentials/143.v1b_df8b_d3b_e48/plain-credentials-143.v1b_df8b_d3b_e48.jar:/home/tscherler/.m2/repository/org/jenkins-ci/plugins/workflow/workflow-multibranch/756.v891d88f2cd46/workflow-multibranch-756.v891d88f2cd46.jar:/home/tscherler/.m2/repository/org/jenkins-ci/plugins/branch-api/2.1122.v09cb_8ea_8a_724/branch-api-2.1122.v09cb_8ea_8a_724.jar:/home/tscherler/.m2/repository/org/jenkins-ci/plugins/cloudbees-folder/6.879.cb-v9d26f8fb_3a_d8/cloudbees-folder-6.879.cb-v9d26f8fb_3a_d8.jar:/home/tscherler/.m2/repository/org/jenkins-ci/plugins/pipeline-input-step/477.v339683a_8d55e/pipeline-input-step-477.v339683a_8d55e.jar:/home/tscherler/.m2/repository/com/cloudbees/nectar/plugins/nectar-license/8.41/nectar-license-8.41.jar:/home/tscherler/.m2/repository/com/cloudbees/endpoints/0.8/endpoints-0.8.jar:/home/tscherler/.m2/repository/com/cloudbees/jenkins/plugins/cloudbees-analytics/1.53/cloudbees-analytics-1.53-tests.jar:/home/tscherler/.m2/repository/io/jenkins/configuration-as-code/1670.v564dc8b_982d0/configuration-as-code-1670.v564dc8b_982d0.jar:/home/tscherler/.m2/repository/com/google/code/findbugs/jsr305/3.0.1/jsr305-3.0.1.jar:/home/tscherler/.m2/repository/io/jenkins/plugins/commons-text-api/1.10.0-68.v0d0b_c439292b_/commons-text-api-1.10.0-68.v0d0b_c439292b_.jar:/home/tscherler/.m2/repository/org/apache/commons/commons-text/1.10.0/commons-text-1.10.0.jar:/home/tscherler/.m2/repository/io/vavr/vavr/0.10.4/vavr-0.10.4.jar:/home/tscherler/.m2/repository/io/vavr/vavr-match/0.10.4/vavr-match-0.10.4.jar:/home/tscherler/.m2/repository/org/json/json/20230227/json-20230227.jar:/home/tscherler/.m2/repository/io/jenkins/configuration-as-code/test-harness/1670.v564dc8b_982d0/test-harness-1670.v564dc8b_982d0.jar:/home/tscherler/.m2/repository/com/github/erosb/everit-json-schema/1.14.2/everit-json-schema-1.14.2.jar:/home/tscherler/.m2/repository/commons-validator/commons-validator/1.7/commons-validator-1.7.jar:/home/tscherler/.m2/repository/commons-digester/commons-digester/2.1/commons-digester-2.1.jar:/home/tscherler/.m2/repository/com/damnhandy/handy-uri-templates/2.1.8/handy-uri-templates-2.1.8.jar:/home/tscherler/.m2/repository/joda-time/joda-time/2.10.2/joda-time-2.10.2.jar:/home/tscherler/.m2/repository/com/google/re2j/re2j/1.6/re2j-1.6.jar:/home/tscherler/.m2/repository/com/github/stefanbirkner/system-rules/1.19.0/system-rules-1.19.0.jar:/home/tscherler/.m2/repository/com/vladsch/flexmark/flexmark-all/0.64.8/flexmark-all-0.64.8.jar:/home/tscherler/.m2/repository/com/vladsch/flexmark/flexmark/0.64.8/flexmark-0.64.8.jar:/home/tscherler/.m2/repository/com/vladsch/flexmark/flexmark-ext-abbreviation/0.64.8/flexmark-ext-abbreviation-0.64.8.jar:/home/tscherler/.m2/repository/com/vladsch/flexmark/flexmark-util/0.64.8/flexmark-util-0.64.8.jar:/home/tscherler/.m2/repository/com/vladsch/flexmark/flexmark-ext-admonition/0.64.8/flexmark-ext-admonition-0.64.8.jar:/home/tscherler/.m2/repository/com/vladsch/flexmark/flexmark-ext-anchorlink/0.64.8/flexmark-ext-anchorlink-0.64.8.jar:/home/tscherler/.m2/repository/com/vladsch/flexmark/flexmark-ext-aside/0.64.8/flexmark-ext-aside-0.64.8.jar:/home/tscherler/.m2/repository/com/vladsch/flexmark/flexmark-ext-attributes/0.64.8/flexmark-ext-attributes-0.64.8.jar:/home/tscherler/.m2/repository/com/vladsch/flexmark/flexmark-ext-autolink/0.64.8/flexmark-ext-autolink-0.64.8.jar:/home/tscherler/.m2/repository/org/nibor/autolink/autolink/0.6.0/autolink-0.6.0.jar:/home/tscherler/.m2/repository/com/vladsch/flexmark/flexmark-ext-definition/0.64.8/flexmark-ext-definition-0.64.8.jar:/home/tscherler/.m2/repository/com/vladsch/flexmark/flexmark-ext-emoji/0.64.8/flexmark-ext-emoji-0.64.8.jar:/home/tscherler/.m2/repository/com/vladsch/flexmark/flexmark-ext-enumerated-reference/0.64.8/flexmark-ext-enumerated-reference-0.64.8.jar:/home/tscherler/.m2/repository/com/vladsch/flexmark/flexmark-ext-escaped-character/0.64.8/flexmark-ext-escaped-character-0.64.8.jar:/home/tscherler/.m2/repository/com/vladsch/flexmark/flexmark-ext-footnotes/0.64.8/flexmark-ext-footnotes-0.64.8.jar:/home/tscherler/.m2/repository/com/vladsch/flexmark/flexmark-ext-gfm-issues/0.64.8/flexmark-ext-gfm-issues-0.64.8.jar:/home/tscherler/.m2/repository/com/vladsch/flexmark/flexmark-ext-gfm-strikethrough/0.64.8/flexmark-ext-gfm-strikethrough-0.64.8.jar:/home/tscherler/.m2/repository/com/vladsch/flexmark/flexmark-ext-gfm-tasklist/0.64.8/flexmark-ext-gfm-tasklist-0.64.8.jar:/home/tscherler/.m2/repository/com/vladsch/flexmark/flexmark-ext-gfm-users/0.64.8/flexmark-ext-gfm-users-0.64.8.jar:/home/tscherler/.m2/repository/com/vladsch/flexmark/flexmark-ext-gitlab/0.64.8/flexmark-ext-gitlab-0.64.8.jar:/home/tscherler/.m2/repository/com/vladsch/flexmark/flexmark-ext-jekyll-front-matter/0.64.8/flexmark-ext-jekyll-front-matter-0.64.8.jar:/home/tscherler/.m2/repository/com/vladsch/flexmark/flexmark-ext-jekyll-tag/0.64.8/flexmark-ext-jekyll-tag-0.64.8.jar:/home/tscherler/.m2/repository/com/vladsch/flexmark/flexmark-ext-media-tags/0.64.8/flexmark-ext-media-tags-0.64.8.jar:/home/tscherler/.m2/repository/com/vladsch/flexmark/flexmark-ext-resizable-image/0.64.8/flexmark-ext-resizable-image-0.64.8.jar:/home/tscherler/.m2/repository/com/vladsch/flexmark/flexmark-ext-macros/0.64.8/flexmark-ext-macros-0.64.8.jar:/home/tscherler/.m2/repository/com/vladsch/flexmark/flexmark-ext-ins/0.64.8/flexmark-ext-ins-0.64.8.jar:/home/tscherler/.m2/repository/com/vladsch/flexmark/flexmark-ext-xwiki-macros/0.64.8/flexmark-ext-xwiki-macros-0.64.8.jar:/home/tscherler/.m2/repository/com/vladsch/flexmark/flexmark-ext-superscript/0.64.8/flexmark-ext-superscript-0.64.8.jar:/home/tscherler/.m2/repository/com/vladsch/flexmark/flexmark-ext-tables/0.64.8/flexmark-ext-tables-0.64.8.jar:/home/tscherler/.m2/repository/com/vladsch/flexmark/flexmark-ext-toc/0.64.8/flexmark-ext-toc-0.64.8.jar:/home/tscherler/.m2/repository/com/vladsch/flexmark/flexmark-ext-typographic/0.64.8/flexmark-ext-typographic-0.64.8.jar:/home/tscherler/.m2/repository/com/vladsch/flexmark/flexmark-ext-wikilink/0.64.8/flexmark-ext-wikilink-0.64.8.jar:/home/tscherler/.m2/repository/com/vladsch/flexmark/flexmark-ext-yaml-front-matter/0.64.8/flexmark-ext-yaml-front-matter-0.64.8.jar:/home/tscherler/.m2/repository/com/vladsch/flexmark/flexmark-ext-youtube-embedded/0.64.8/flexmark-ext-youtube-embedded-0.64.8.jar:/home/tscherler/.m2/repository/com/vladsch/flexmark/flexmark-html2md-converter/0.64.8/flexmark-html2md-converter-0.64.8.jar:/home/tscherler/.m2/repository/org/jsoup/jsoup/1.15.4/jsoup-1.15.4.jar:/home/tscherler/.m2/repository/com/vladsch/flexmark/flexmark-jira-converter/0.64.8/flexmark-jira-converter-0.64.8.jar:/home/tscherler/.m2/repository/com/vladsch/flexmark/flexmark-pdf-converter/0.64.8/flexmark-pdf-converter-0.64.8.jar:/home/tscherler/.m2/repository/com/ibm/icu/icu4j/72.1/icu4j-72.1.jar:/home/tscherler/.m2/repository/com/openhtmltopdf/openhtmltopdf-core/1.0.10/openhtmltopdf-core-1.0.10.jar:/home/tscherler/.m2/repository/com/openhtmltopdf/openhtmltopdf-pdfbox/1.0.10/openhtmltopdf-pdfbox-1.0.10.jar:/home/tscherler/.m2/repository/org/apache/pdfbox/pdfbox/2.0.24/pdfbox-2.0.24.jar:/home/tscherler/.m2/repository/org/apache/pdfbox/fontbox/2.0.24/fontbox-2.0.24.jar:/home/tscherler/.m2/repository/org/apache/pdfbox/xmpbox/2.0.24/xmpbox-2.0.24.jar:/home/tscherler/.m2/repository/de/rototor/pdfbox/graphics2d/0.32/graphics2d-0.32.jar:/home/tscherler/.m2/repository/com/openhtmltopdf/openhtmltopdf-rtl-support/1.0.10/openhtmltopdf-rtl-support-1.0.10.jar:/home/tscherler/.m2/repository/com/vladsch/flexmark/flexmark-profile-pegdown/0.64.8/flexmark-profile-pegdown-0.64.8.jar:/home/tscherler/.m2/repository/com/vladsch/flexmark/flexmark-util-ast/0.64.8/flexmark-util-ast-0.64.8.jar:/home/tscherler/.m2/repository/org/jetbrains/annotations/24.0.1/annotations-24.0.1.jar:/home/tscherler/.m2/repository/com/vladsch/flexmark/flexmark-util-builder/0.64.8/flexmark-util-builder-0.64.8.jar:/home/tscherler/.m2/repository/com/vladsch/flexmark/flexmark-util-collection/0.64.8/flexmark-util-collection-0.64.8.jar:/home/tscherler/.m2/repository/com/vladsch/flexmark/flexmark-util-data/0.64.8/flexmark-util-data-0.64.8.jar:/home/tscherler/.m2/repository/com/vladsch/flexmark/flexmark-util-dependency/0.64.8/flexmark-util-dependency-0.64.8.jar:/home/tscherler/.m2/repository/com/vladsch/flexmark/flexmark-util-format/0.64.8/flexmark-util-format-0.64.8.jar:/home/tscherler/.m2/repository/com/vladsch/flexmark/flexmark-util-html/0.64.8/flexmark-util-html-0.64.8.jar:/home/tscherler/.m2/repository/com/vladsch/flexmark/flexmark-util-misc/0.64.8/flexmark-util-misc-0.64.8.jar:/home/tscherler/.m2/repository/com/vladsch/flexmark/flexmark-util-options/0.64.8/flexmark-util-options-0.64.8.jar:/home/tscherler/.m2/repository/com/vladsch/flexmark/flexmark-util-sequence/0.64.8/flexmark-util-sequence-0.64.8.jar:/home/tscherler/.m2/repository/com/vladsch/flexmark/flexmark-util-visitor/0.64.8/flexmark-util-visitor-0.64.8.jar:/home/tscherler/.m2/repository/com/vladsch/flexmark/flexmark-youtrack-converter/0.64.8/flexmark-youtrack-converter-0.64.8.jar:/home/tscherler/.m2/repository/junit/junit/4.13.2/junit-4.13.2.jar:/home/tscherler/.m2/repository/org/mockito/mockito-core/5.5.0/mockito-core-5.5.0.jar:/home/tscherler/.m2/repository/net/bytebuddy/byte-buddy/1.14.6/byte-buddy-1.14.6.jar:/home/tscherler/.m2/repository/net/bytebuddy/byte-buddy-agent/1.14.6/byte-buddy-agent-1.14.6.jar:/home/tscherler/.m2/repository/org/objenesis/objenesis/3.3/objenesis-3.3.jar:/home/tscherler/.m2/repository/org/jenkins-ci/plugins/pipeline-stage-step/305.ve96d0205c1c6/pipeline-stage-step-305.ve96d0205c1c6.jar:/home/tscherler/.m2/repository/org/jenkins-ci/plugins/timestamper/1.25/timestamper-1.25.jar:/home/tscherler/.m2/repository/org/jenkins-ci/plugins/antisamy-markup-formatter/162.v0e6ec0fcfcf6/antisamy-markup-formatter-162.v0e6ec0fcfcf6.jar:/home/tscherler/.m2/repository/com/googlecode/owasp-java-html-sanitizer/owasp-java-html-sanitizer/20220608.1/owasp-java-html-sanitizer-20220608.1.jar:/home/tscherler/.m2/repository/org/jenkins-ci/plugins/git/5.2.0/git-5.2.0-tests.jar:/home/tscherler/.m2/repository/org/jenkins-ci/plugins/token-macro/384.vf35b_f26814ec/token-macro-384.vf35b_f26814ec.jar:/home/tscherler/.m2/repository/com/jayway/jsonpath/json-path/2.8.0/json-path-2.8.0.jar:/home/tscherler/.m2/repository/net/minidev/json-smart/2.4.10/json-smart-2.4.10.jar:/home/tscherler/.m2/repository/net/minidev/accessors-smart/2.4.9/accessors-smart-2.4.9.jar:/home/tscherler/.m2/repository/org/jenkins-ci/plugins/workflow/workflow-multibranch/756.v891d88f2cd46/workflow-multibranch-756.v891d88f2cd46-tests.jar:/home/tscherler/.m2/repository/org/jenkinsci/plugins/pipeline-model-definition/2.2144.v077a_d1928a_40/pipeline-model-definition-2.2144.v077a_d1928a_40.jar:/home/tscherler/.m2/repository/org/jenkinsci/plugins/pipeline-model-api/2.2144.v077a_d1928a_40/pipeline-model-api-2.2144.v077a_d1928a_40.jar:/home/tscherler/.m2/repository/com/github/java-json-tools/json-schema-validator/2.2.14/json-schema-validator-2.2.14.jar:/home/tscherler/.m2/repository/com/github/java-json-tools/jackson-coreutils-equivalence/1.0/jackson-coreutils-equivalence-1.0.jar:/home/tscherler/.m2/repository/com/github/java-json-tools/jackson-coreutils/2.0/jackson-coreutils-2.0.jar:/home/tscherler/.m2/repository/com/github/java-json-tools/msg-simple/1.2/msg-simple-1.2.jar:/home/tscherler/.m2/repository/com/github/java-json-tools/btf/1.3/btf-1.3.jar:/home/tscherler/.m2/repository/com/github/java-json-tools/json-schema-core/1.2.14/json-schema-core-1.2.14.jar:/home/tscherler/.m2/repository/com/github/java-json-tools/uri-template/0.10/uri-template-0.10.jar:/home/tscherler/.m2/repository/org/mozilla/rhino/1.7.7.2/rhino-1.7.7.2.jar:/home/tscherler/.m2/repository/com/sun/mail/mailapi/1.6.2/mailapi-1.6.2.jar:/home/tscherler/.m2/repository/com/googlecode/libphonenumber/libphonenumber/8.11.1/libphonenumber-8.11.1.jar:/home/tscherler/.m2/repository/org/jenkinsci/plugins/pipeline-model-extensions/2.2144.v077a_d1928a_40/pipeline-model-extensions-2.2144.v077a_d1928a_40.jar:/home/tscherler/.m2/repository/org/jenkinsci/plugins/pipeline-stage-tags-metadata/2.2144.v077a_d1928a_40/pipeline-stage-tags-metadata-2.2144.v077a_d1928a_40.jar:/home/tscherler/.m2/repository/io/jenkins/plugins/pipeline-groovy-lib/671.v07c339c842e8/pipeline-groovy-lib-671.v07c339c842e8.jar:/home/tscherler/.m2/repository/org/apache/ivy/ivy/2.5.1/ivy-2.5.1.jar:/home/tscherler/.m2/repository/org/jenkins-ci/plugins/scm-api/676.v886669a_199a_a_/scm-api-676.v886669a_199a_a_-tests.jar:/home/tscherler/.m2/repository/org/jenkins-ci/plugins/workflow/workflow-api/1259.vb_47f14fffc8a_/workflow-api-1259.vb_47f14fffc8a_-tests.jar:/home/tscherler/.m2/repository/org/jenkins-ci/plugins/workflow/workflow-basic-steps/1042.ve7b_140c4a_e0c/workflow-basic-steps-1042.ve7b_140c4a_e0c.jar:/home/tscherler/.m2/repository/org/jenkins-ci/plugins/apache-httpcomponents-client-4-api/4.5.14-150.v7a_b_9d17134a_5/apache-httpcomponents-client-4-api-4.5.14-150.v7a_b_9d17134a_5.jar:/home/tscherler/.m2/repository/org/apache/httpcomponents/httpcore/4.4.16/httpcore-4.4.16.jar:/home/tscherler/.m2/repository/org/apache/httpcomponents/httpcore-nio/4.4.16/httpcore-nio-4.4.16.jar:/home/tscherler/.m2/repository/org/apache/httpcomponents/httpclient/4.5.14/httpclient-4.5.14.jar:/home/tscherler/.m2/repository/org/apache/httpcomponents/httpmime/4.5.14/httpmime-4.5.14.jar:/home/tscherler/.m2/repository/org/apache/httpcomponents/fluent-hc/4.5.14/fluent-hc-4.5.14.jar:/home/tscherler/.m2/repository/org/apache/httpcomponents/httpclient-cache/4.5.14/httpclient-cache-4.5.14.jar:/home/tscherler/.m2/repository/org/apache/httpcomponents/httpasyncclient/4.1.5/httpasyncclient-4.1.5.jar:/home/tscherler/.m2/repository/org/apache/httpcomponents/httpasyncclient-cache/4.1.5/httpasyncclient-cache-4.1.5.jar:/home/tscherler/.m2/repository/io/jenkins/plugins/jakarta-mail-api/2.0.1-3/jakarta-mail-api-2.0.1-3.jar:/home/tscherler/.m2/repository/com/sun/mail/jakarta.mail/2.0.1/jakarta.mail-2.0.1.jar:/home/tscherler/.m2/repository/io/jenkins/plugins/jakarta-activation-api/2.0.1-3/jakarta-activation-api-2.0.1-3.jar:/home/tscherler/.m2/repository/com/sun/activation/jakarta.activation/2.0.1/jakarta.activation-2.0.1.jar:/home/tscherler/.m2/repository/org/jenkins-ci/plugins/workflow/workflow-durable-task-step/1284.v4fcd365b_75b_e/workflow-durable-task-step-1284.v4fcd365b_75b_e.jar:/home/tscherler/.m2/repository/org/jenkins-ci/plugins/durable-task/513.vc48a_a_075a_d93/durable-task-513.vc48a_a_075a_d93.jar:/home/tscherler/.m2/repository/io/jenkins/plugins/lib-durable-task/40.vc66cf8fb_4613/lib-durable-task-40.vc66cf8fb_4613.jar:/home/tscherler/.m2/repository/org/jenkins-ci/plugins/cors-filter/1.1/cors-filter-1.1.jar:/home/tscherler/.m2/repository/org/jenkins-ci/plugins/workflow/workflow-support/848.v5a_383b_d14921/workflow-support-848.v5a_383b_d14921-tests.jar:/home/tscherler/.m2/repository/org/jboss/marshalling/jboss-marshalling-river/2.1.0.Final/jboss-marshalling-river-2.1.0.Final.jar:/home/tscherler/.m2/repository/org/jboss/marshalling/jboss-marshalling/2.1.0.Final/jboss-marshalling-2.1.0.Final.jar:/home/tscherler/.m2/repository/org/awaitility/awaitility/4.2.0/awaitility-4.2.0.jar:/home/tscherler/.m2/repository/org/hamcrest/hamcrest/2.2/hamcrest-2.2.jar:/home/tscherler/.m2/repository/net/datafaker/datafaker/1.9.0/datafaker-1.9.0.jar:/home/tscherler/.m2/repository/com/github/mifmif/generex/1.0.2/generex-1.0.2.jar:/home/tscherler/.m2/repository/dk/brics/automaton/automaton/1.11-8/automaton-1.11-8.jar:/home/tscherler/.m2/repository/org/jenkins-ci/main/jenkins-core/2.414.1-cb-15/jenkins-core-2.414.1-cb-15.jar:/home/tscherler/.m2/repository/org/jenkins-ci/main/cli/2.414.1-cb-15/cli-2.414.1-cb-15.jar:/home/tscherler/.m2/repository/org/jenkins-ci/main/remoting/3131.3167.cb-vb_5f959e9b_16e/remoting-3131.3167.cb-vb_5f959e9b_16e.jar:/home/tscherler/.m2/repository/args4j/args4j/2.33/args4j-2.33.jar:/home/tscherler/.m2/repository/com/github/spotbugs/spotbugs-annotations/4.7.3/spotbugs-annotations-4.7.3.jar:/home/tscherler/.m2/repository/com/google/guava/guava/32.1.1-jre/guava-32.1.1-jre.jar:/home/tscherler/.m2/repository/com/google/guava/failureaccess/1.0.1/failureaccess-1.0.1.jar:/home/tscherler/.m2/repository/com/google/guava/listenablefuture/9999.0-empty-to-avoid-conflict-with-guava/listenablefuture-9999.0-empty-to-avoid-conflict-with-guava.jar:/home/tscherler/.m2/repository/com/google/inject/guice/6.0.0/guice-6.0.0.jar:/home/tscherler/.m2/repository/javax/inject/javax.inject/1/javax.inject-1.jar:/home/tscherler/.m2/repository/jakarta/inject/jakarta.inject-api/2.0.1/jakarta.inject-api-2.0.1.jar:/home/tscherler/.m2/repository/com/infradna/tool/bridge-method-annotation/1.27/bridge-method-annotation-1.27.jar:/home/tscherler/.m2/repository/com/jcraft/jzlib/1.1.3-kohsuke-1/jzlib-1.1.3-kohsuke-1.jar:/home/tscherler/.m2/repository/com/sun/solaris/embedded_su4j/1.1/embedded_su4j-1.1.jar:/home/tscherler/.m2/repository/com/sun/xml/txw2/txw2/20110809/txw2-20110809.jar:/home/tscherler/.m2/repository/relaxngDatatype/relaxngDatatype/20020414/relaxngDatatype-20020414.jar:/home/tscherler/.m2/repository/com/thoughtworks/xstream/xstream/1.4.20/xstream-1.4.20.jar:/home/tscherler/.m2/repository/io/github/x-stream/mxparser/1.2.2/mxparser-1.2.2.jar:/home/tscherler/.m2/repository/commons-beanutils/commons-beanutils/1.9.4/commons-beanutils-1.9.4.jar:/home/tscherler/.m2/repository/commons-codec/commons-codec/1.16.0/commons-codec-1.16.0.jar:/home/tscherler/.m2/repository/commons-collections/commons-collections/3.2.2/commons-collections-3.2.2.jar:/home/tscherler/.m2/repository/commons-fileupload/commons-fileupload/1.5/commons-fileupload-1.5.jar:/home/tscherler/.m2/repository/commons-io/commons-io/2.13.0/commons-io-2.13.0.jar:/home/tscherler/.m2/repository/commons-jelly/commons-jelly-tags-fmt/1.0/commons-jelly-tags-fmt-1.0.jar:/home/tscherler/.m2/repository/commons-jelly/commons-jelly-tags-xml/1.1/commons-jelly-tags-xml-1.1.jar:/home/tscherler/.m2/repository/commons-lang/commons-lang/2.6/commons-lang-2.6.jar:/home/tscherler/.m2/repository/io/jenkins/stapler/jenkins-stapler-support/1.1/jenkins-stapler-support-1.1.jar:/home/tscherler/.m2/repository/jakarta/servlet/jsp/jstl/jakarta.servlet.jsp.jstl-api/1.2.7/jakarta.servlet.jsp.jstl-api-1.2.7.jar:/home/tscherler/.m2/repository/jaxen/jaxen/2.0.0/jaxen-2.0.0.jar:/home/tscherler/.m2/repository/jline/jline/2.14.6/jline-2.14.6.jar:/home/tscherler/.m2/repository/net/java/dev/jna/jna/5.13.0/jna-5.13.0.jar:/home/tscherler/.m2/repository/net/java/sezpoz/sezpoz/1.13/sezpoz-1.13.jar:/home/tscherler/.m2/repository/net/jcip/jcip-annotations/1.0/jcip-annotations-1.0.jar:/home/tscherler/.m2/repository/net/sf/kxml/kxml2/2.3.0/kxml2-2.3.0.jar:/home/tscherler/.m2/repository/org/antlr/antlr4-runtime/4.13.0/antlr4-runtime-4.13.0.jar:/home/tscherler/.m2/repository/org/apache/ant/ant/1.10.13/ant-1.10.13.jar:/home/tscherler/.m2/repository/org/apache/ant/ant-launcher/1.10.13/ant-launcher-1.10.13.jar:/home/tscherler/.m2/repository/org/apache/commons/commons-compress/1.23.0/commons-compress-1.23.0.jar:/home/tscherler/.m2/repository/org/codehaus/groovy/groovy-all/2.4.21/groovy-all-2.4.21.jar:/home/tscherler/.m2/repository/org/connectbot/jbcrypt/jbcrypt/1.0.0/jbcrypt-1.0.0.jar:/home/tscherler/.m2/repository/org/fusesource/jansi/jansi/1.11/jansi-1.11.jar:/home/tscherler/.m2/repository/org/jenkins-ci/annotation-indexer/1.17/annotation-indexer-1.17.jar:/home/tscherler/.m2/repository/org/jenkins-ci/commons-jexl/1.1-jenkins-20111212/commons-jexl-1.1-jenkins-20111212.jar:/home/tscherler/.m2/repository/org/jenkins-ci/crypto-util/1.9/crypto-util-1.9.jar:/home/tscherler/.m2/repository/org/jenkins-ci/memory-monitor/1.12/memory-monitor-1.12.jar:/home/tscherler/.m2/repository/org/jenkins-ci/symbol-annotation/1.24/symbol-annotation-1.24.jar:/home/tscherler/.m2/repository/org/jenkins-ci/task-reactor/1.8/task-reactor-1.8.jar:/home/tscherler/.m2/repository/org/jenkins-ci/version-number/1.11/version-number-1.11.jar:/home/tscherler/.m2/repository/org/jenkins-ci/main/websocket-spi/2.414.1-cb-15/websocket-spi-2.414.1-cb-15.jar:/home/tscherler/.m2/repository/org/jfree/jfreechart/1.0.19/jfreechart-1.0.19.jar:/home/tscherler/.m2/repository/org/jfree/jcommon/1.0.23/jcommon-1.0.23.jar:/home/tscherler/.m2/repository/org/jvnet/hudson/commons-jelly-tags-define/1.1-jenkins-20230124/commons-jelly-tags-define-1.1-jenkins-20230124.jar:/home/tscherler/.m2/repository/org/jenkins-ci/commons-jelly/1.1-jenkins-20230124/commons-jelly-1.1-jenkins-20230124.jar:/home/tscherler/.m2/repository/org/jvnet/localizer/localizer/1.31/localizer-1.31.jar:/home/tscherler/.m2/repository/org/jvnet/robust-http-client/robust-http-client/1.2/robust-http-client-1.2.jar:/home/tscherler/.m2/repository/org/jvnet/winp/winp/1.30/winp-1.30.jar:/home/tscherler/.m2/repository/org/kohsuke/access-modifier-annotation/1.32/access-modifier-annotation-1.32.jar:/home/tscherler/.m2/repository/org/kohsuke/windows-package-checker/1.2/windows-package-checker-1.2.jar:/home/tscherler/.m2/repository/org/kohsuke/jinterop/j-interop/2.0.8-kohsuke-1/j-interop-2.0.8-kohsuke-1.jar:/home/tscherler/.m2/repository/org/kohsuke/jinterop/j-interopdeps/2.0.8-kohsuke-1/j-interopdeps-2.0.8-kohsuke-1.jar:/home/tscherler/.m2/repository/org/samba/jcifs/jcifs/1.3.18-kohsuke-1/jcifs-1.3.18-kohsuke-1.jar:/home/tscherler/.m2/repository/org/kohsuke/stapler/json-lib/2.4-jenkins-3/json-lib-2.4-jenkins-3.jar:/home/tscherler/.m2/repository/net/sf/ezmorph/ezmorph/1.0.6/ezmorph-1.0.6.jar:/home/tscherler/.m2/repository/org/kohsuke/stapler/stapler/1785.1829.cb-va_7032b_d8857c/stapler-1785.1829.cb-va_7032b_d8857c.jar:/home/tscherler/.m2/repository/commons-discovery/commons-discovery/0.5/commons-discovery-0.5.jar:/home/tscherler/.m2/repository/jakarta/annotation/jakarta.annotation-api/2.1.1/jakarta.annotation-api-2.1.1.jar:/home/tscherler/.m2/repository/javax/annotation/javax.annotation-api/1.3.2/javax.annotation-api-1.3.2.jar:/home/tscherler/.m2/repository/org/jvnet/tiger-types/2.2/tiger-types-2.2.jar:/home/tscherler/.m2/repository/org/kohsuke/stapler/stapler-adjunct-codemirror/1.3/stapler-adjunct-codemirror-1.3.jar:/home/tscherler/.m2/repository/org/kohsuke/stapler/stapler-adjunct-timeline/1.5/stapler-adjunct-timeline-1.5.jar:/home/tscherler/.m2/repository/org/kohsuke/stapler/stapler-groovy/1785.1829.cb-va_7032b_d8857c/stapler-groovy-1785.1829.cb-va_7032b_d8857c.jar:/home/tscherler/.m2/repository/org/kohsuke/stapler/stapler-jelly/1785.1829.cb-va_7032b_d8857c/stapler-jelly-1785.1829.cb-va_7032b_d8857c.jar:/home/tscherler/.m2/repository/org/dom4j/dom4j/2.1.4/dom4j-2.1.4.jar:/home/tscherler/.m2/repository/org/ow2/asm/asm/9.5/asm-9.5.jar:/home/tscherler/.m2/repository/org/ow2/asm/asm-analysis/9.5/asm-analysis-9.5.jar:/home/tscherler/.m2/repository/org/ow2/asm/asm-commons/9.5/asm-commons-9.5.jar:/home/tscherler/.m2/repository/org/ow2/asm/asm-tree/9.5/asm-tree-9.5.jar:/home/tscherler/.m2/repository/org/ow2/asm/asm-util/9.5/asm-util-9.5.jar:/home/tscherler/.m2/repository/org/slf4j/jcl-over-slf4j/2.0.7/jcl-over-slf4j-2.0.7.jar:/home/tscherler/.m2/repository/org/slf4j/slf4j-api/2.0.7/slf4j-api-2.0.7.jar:/home/tscherler/.m2/repository/org/slf4j/log4j-over-slf4j/2.0.7/log4j-over-slf4j-2.0.7.jar:/home/tscherler/.m2/repository/org/springframework/security/spring-security-web/5.8.4/spring-security-web-5.8.4.jar:/home/tscherler/.m2/repository/org/springframework/security/spring-security-core/5.8.4/spring-security-core-5.8.4.jar:/home/tscherler/.m2/repository/org/springframework/security/spring-security-crypto/5.8.4/spring-security-crypto-5.8.4.jar:/home/tscherler/.m2/repository/org/springframework/spring-core/5.3.28/spring-core-5.3.28.jar:/home/tscherler/.m2/repository/org/springframework/spring-aop/5.3.28/spring-aop-5.3.28.jar:/home/tscherler/.m2/repository/org/springframework/spring-beans/5.3.28/spring-beans-5.3.28.jar:/home/tscherler/.m2/repository/org/springframework/spring-context/5.3.28/spring-context-5.3.28.jar:/home/tscherler/.m2/repository/org/springframework/spring-expression/5.3.28/spring-expression-5.3.28.jar:/home/tscherler/.m2/repository/org/springframework/spring-web/5.3.28/spring-web-5.3.28.jar:/home/tscherler/.m2/repository/xpp3/xpp3/1.1.4c/xpp3-1.1.4c.jar:/home/tscherler/.m2/repository/org/jenkins-ci/main/jenkins-war/2.414.1-cb-15/jenkins-war-2.414.1-cb-15.war:/home/tscherler/.m2/repository/org/jenkins-ci/main/websocket-jetty10/2.414.1-cb-15/websocket-jetty10-2.414.1-cb-15.jar:/home/tscherler/.m2/repository/org/slf4j/slf4j-jdk14/2.0.7/slf4j-jdk14-2.0.7.jar:/home/tscherler/.m2/repository/jakarta/servlet/jakarta.servlet-api/4.0.4/jakarta.servlet-api-4.0.4.jar:/home/tscherler/.m2/repository/commons-logging/commons-logging/1.2/commons-logging-1.2.jar:/home/tscherler/.m2/repository/org/jenkins-ci/main/jenkins-test-harness/2064.vcd3b_b_8f3f2b_a_/jenkins-test-harness-2064.vcd3b_b_8f3f2b_a_.jar:/home/tscherler/.m2/repository/io/jenkins/lib/support-log-formatter/1.2/support-log-formatter-1.2.jar:/home/tscherler/.m2/repository/org/eclipse/jetty/jetty-security/10.0.15/jetty-security-10.0.15.jar:/home/tscherler/.m2/repository/org/eclipse/jetty/jetty-server/10.0.15/jetty-server-10.0.15.jar:/home/tscherler/.m2/repository/org/eclipse/jetty/jetty-http/10.0.15/jetty-http-10.0.15.jar:/home/tscherler/.m2/repository/org/eclipse/jetty/jetty-io/10.0.15/jetty-io-10.0.15.jar:/home/tscherler/.m2/repository/org/eclipse/jetty/jetty-webapp/10.0.15/jetty-webapp-10.0.15.jar:/home/tscherler/.m2/repository/org/eclipse/jetty/jetty-servlet/10.0.15/jetty-servlet-10.0.15.jar:/home/tscherler/.m2/repository/org/eclipse/jetty/jetty-xml/10.0.15/jetty-xml-10.0.15.jar:/home/tscherler/.m2/repository/org/eclipse/jetty/jetty-util/10.0.15/jetty-util-10.0.15.jar:/home/tscherler/.m2/repository/org/eclipse/jetty/websocket/websocket-jetty-server/10.0.15/websocket-jetty-server-10.0.15.jar:/home/tscherler/.m2/repository/org/eclipse/jetty/websocket/websocket-jetty-api/10.0.15/websocket-jetty-api-10.0.15.jar:/home/tscherler/.m2/repository/org/eclipse/jetty/websocket/websocket-jetty-common/10.0.15/websocket-jetty-common-10.0.15.jar:/home/tscherler/.m2/repository/org/eclipse/jetty/websocket/websocket-core-common/10.0.15/websocket-core-common-10.0.15.jar:/home/tscherler/.m2/repository/org/eclipse/jetty/websocket/websocket-servlet/10.0.15/websocket-servlet-10.0.15.jar:/home/tscherler/.m2/repository/org/eclipse/jetty/websocket/websocket-core-server/10.0.15/websocket-core-server-10.0.15.jar:/home/tscherler/.m2/repository/org/eclipse/jetty/toolchain/jetty-servlet-api/4.0.6/jetty-servlet-api-4.0.6.jar:/home/tscherler/.m2/repository/org/jenkins-ci/main/jenkins-test-harness-htmlunit/154.v973ee207a_b_95/jenkins-test-harness-htmlunit-154.v973ee207a_b_95.jar:/home/tscherler/.m2/repository/org/junit/jupiter/junit-jupiter-api/5.10.0/junit-jupiter-api-5.10.0.jar:/home/tscherler/.m2/repository/org/opentest4j/opentest4j/1.3.0/opentest4j-1.3.0.jar:/home/tscherler/.m2/repository/org/junit/platform/junit-platform-commons/1.10.0/junit-platform-commons-1.10.0.jar:/home/tscherler/.m2/repository/org/netbeans/modules/org-netbeans-insane/RELEASE180/org-netbeans-insane-RELEASE180.jar:/home/tscherler/.m2/repository/org/openjdk/jmh/jmh-core/1.37/jmh-core-1.37.jar:/home/tscherler/.m2/repository/net/sf/jopt-simple/jopt-simple/5.0.4/jopt-simple-5.0.4.jar:/home/tscherler/.m2/repository/org/apache/commons/commons-math3/3.6.1/commons-math3-3.6.1.jar:/home/tscherler/.m2/repository/org/openjdk/jmh/jmh-generator-annprocess/1.37/jmh-generator-annprocess-1.37.jar:/home/tscherler/.m2/repository/org/jenkins-ci/test-annotations/1.4/test-annotations-1.4.jar:/home/tscherler/.m2/repository/org/junit/jupiter/junit-jupiter/5.10.0/junit-jupiter-5.10.0.jar:/home/tscherler/.m2/repository/org/junit/jupiter/junit-jupiter-params/5.10.0/junit-jupiter-params-5.10.0.jar:/home/tscherler/.m2/repository/org/junit/jupiter/junit-jupiter-engine/5.10.0/junit-jupiter-engine-5.10.0.jar:/home/tscherler/.m2/repository/org/junit/vintage/junit-vintage-engine/5.10.0/junit-vintage-engine-5.10.0.jar:/home/tscherler/.m2/repository/org/junit/platform/junit-platform-engine/1.10.0/junit-platform-engine-1.10.0.jar:/home/tscherler/.m2/repository/org/apiguardian/apiguardian-api/1.1.2/apiguardian-api-1.1.2.jar:"/>
    <property name="sun.cpu.endian" value="little"/>
    <property name="mail.smtps.sendpartial" value="true"/>
    <property name="user.home" value="/home/tscherler"/>
    <property name="user.language" value="en"/>
    <property name="java.specification.vendor" value="Oracle Corporation"/>
    <property name="java.version.date" value="2022-07-19"/>
    <property name="java.home" value="/src/opt/jdk-11.0.16"/>
    <property name="surefire.forkNumber" value="1"/>
    <property name="file.separator" value="/"/>
    <property name="basedir" value="/src/jenkins/plugins/cloudbees-console-log-viewer"/>
    <property name="java.vm.compressedOopsMode" value="32-bit"/>
    <property name="line.separator" value="&#10;"/>
    <property name="java.specification.name" value="Java Platform API Specification"/>
    <property name="java.vm.specification.vendor" value="Oracle Corporation"/>
    <property name="java.awt.graphicsenv" value="sun.awt.X11GraphicsEnvironment"/>
    <property name="java.awt.headless" value="true"/>
    <property name="org.eclipse.jetty.server.Request.maxFormContentSize" value="-1"/>
    <property name="surefire.real.class.path" value="/src/jenkins/plugins/cloudbees-console-log-viewer/target/surefire/surefirebooter-20230922103155598_111.jar"/>
    <property name="sun.management.compiler" value="HotSpot 64-Bit Tiered Compilers"/>
    <property name="java.runtime.version" value="11.0.16+11-LTS-199"/>
    <property name="user.name" value="tscherler"/>
    <property name="path.separator" value=":"/>
    <property name="os.version" value="5.14.0-284.25.1.el9_2.x86_64"/>
    <property name="java.runtime.name" value="Java(TM) SE Runtime Environment"/>
    <property name="file.encoding" value="UTF-8"/>
    <property name="jnidispatch.path" value="/home/tscherler/.cache/JNA/temp/jna2144163478211473999.tmp"/>
    <property name="java.vm.name" value="Java HotSpot(TM) 64-Bit Server VM"/>
    <property name="jna.platform.library.path" value="/usr/lib64:/lib64:/usr/lib:/lib:/usr/lib64/dyninst:/usr/lib64/pipewire-0.3/jack"/>
    <property name="java.vendor.version" value="18.9"/>
    <property name="mail.smtp.sendpartial" value="true"/>
    <property name="localRepository" value="/home/tscherler/.m2/repository"/>
    <property name="jna.loaded" value="true"/>
    <property name="java.vendor.url.bug" value="https://bugreport.java.com/bugreport/"/>
    <property name="jetty.git.hash" value="68017dbd00236bb7e187330d7585a059610f661d"/>
    <property name="java.io.tmpdir" value="/src/jenkins/plugins/cloudbees-console-log-viewer/target/tmp"/>
    <property name="java.version" value="11.0.16"/>
    <property name="user.dir" value="/src/jenkins/plugins/cloudbees-console-log-viewer"/>
    <property name="os.arch" value="amd64"/>
    <property name="jenkins.model.Jenkins.SHOW_STACK_TRACE" value="true"/>
    <property name="java.vm.specification.name" value="Java Virtual Machine Specification"/>
    <property name="java.awt.printerjob" value="sun.print.PSPrinterJob"/>
    <property name="sun.os.patch.level" value="unknown"/>
    <property name="java.library.path" value="/usr/java/packages/lib:/usr/lib64:/lib64:/lib:/usr/lib"/>
    <property name="java.vendor" value="Oracle Corporation"/>
    <property name="java.vm.info" value="mixed mode"/>
    <property name="java.vm.version" value="11.0.16+11-LTS-199"/>
    <property name="sun.io.unicode.encoding" value="UnicodeLittle"/>
    <property name="java.class.version" value="55.0"/>
  </properties>
  <testcase name="real_world" classname="com.cloudbees.jenkins.plugins.pipeline.explorer.log.file.RealWorldAdvancedFileLogStorageSizeTest" time="0.0">
    <skipped type="org.junit.AssumptionViolatedException"><![CDATA[org.junit.AssumptionViolatedException: got: <[Test must be run manually, null]>, expected: every item is not null
	at org.junit.Assume.assumeThat(Assume.java:106)
	at org.junit.Assume.assumeNotNull(Assume.java:84)
	at com.cloudbees.jenkins.plugins.pipeline.explorer.log.file.RealWorldAdvancedFileLogStorageSizeTest.real_world(RealWorldAdvancedFileLogStorageSizeTest.java:28)
	at java.base/java.lang.reflect.Method.invoke(Method.java:566)
	at org.jvnet.hudson.test.JenkinsRule$1.evaluate(JenkinsRule.java:607)
	at java.base/java.util.concurrent.FutureTask.run(FutureTask.java:264)
	at java.base/java.lang.Thread.run(Thread.java:834)
]]></skipped>
    <system-out><![CDATA[=== Starting real_world(com.cloudbees.jenkins.plugins.pipeline.explorer.log.file.RealWorldAdvancedFileLogStorageSizeTest)
]]></system-out>
    <system-err><![CDATA[   0.164 [id=19]	INFO	o.jvnet.hudson.test.WarExploder#explode: Picking up existing exploded jenkins.war at /src/jenkins/plugins/cloudbees-console-log-viewer/target/jenkins-for-test
   0.823 [id=19]	INFO	o.jvnet.hudson.test.JenkinsRule#createWebServer: Running on http://localhost:32833/jenkins/
   2.162 [id=33]	INFO	jenkins.InitReactorRunner$1#onAttained: Started initialization
   2.794 [id=40]	INFO	hudson.PluginManager#considerDetachedPlugin: Loading a detached plugin as a dependency: /src/jenkins/plugins/cloudbees-console-log-viewer/target/tmp/jenkins13760384018387926626/plugins/javax-mail-api.jpi
   3.871 [id=33]	INFO	hudson.PluginManager#considerDetachedPlugin: Loading a detached plugin as a dependency: /src/jenkins/plugins/cloudbees-console-log-viewer/target/tmp/jenkins13760384018387926626/plugins/command-launcher.jpi
   3.890 [id=33]	INFO	hudson.PluginManager#considerDetachedPlugin: Loading a detached plugin as a dependency: /src/jenkins/plugins/cloudbees-console-log-viewer/target/tmp/jenkins13760384018387926626/plugins/jdk-tool.jpi
   3.909 [id=33]	INFO	hudson.PluginManager#considerDetachedPlugin: Loading a detached plugin as a dependency: /src/jenkins/plugins/cloudbees-console-log-viewer/target/tmp/jenkins13760384018387926626/plugins/sshd.jpi
   4.598 [id=44]	INFO	jenkins.InitReactorRunner$1#onAttained: Listed all plugins
   4.639 [id=41]	INFO	j.b.api.BouncyCastlePlugin#start: /src/jenkins/plugins/cloudbees-console-log-viewer/target/tmp/j h7665801233394500862/plugins/bouncycastle-api/WEB-INF/optional-lib not found; for non RealJenkinsRule this is fine and can be ignored.
   7.483 [id=45]	INFO	jenkins.InitReactorRunner$1#onAttained: Prepared all plugins
   7.630 [id=36]	INFO	jenkins.InitReactorRunner$1#onAttained: Started all plugins
   7.633 [id=32]	INFO	jenkins.InitReactorRunner$1#onAttained: Augmented all extensions
   7.683 [id=33]	INFO	jenkins.InitReactorRunner$1#onAttained: System config loaded
   9.062 [id=33]	INFO	jenkins.InitReactorRunner$1#onAttained: System config adapted
   9.063 [id=37]	INFO	jenkins.InitReactorRunner$1#onAttained: Loaded all jobs
   9.083 [id=37]	INFO	jenkins.InitReactorRunner$1#onAttained: Configuration for all jobs updated
   9.352 [id=36]	INFO	jenkins.InitReactorRunner$1#onAttained: Completed initialization
   9.519 [id=19]	INFO	hudson.lifecycle.Lifecycle#onStatusUpdate: Stopping Jenkins
   9.592 [id=19]	INFO	hudson.lifecycle.Lifecycle#onStatusUpdate: Jenkins stopped
   9.673 [id=19]	INFO	o.j.h.t.TemporaryDirectoryAllocator#dispose: deleting /src/jenkins/plugins/cloudbees-console-log-viewer/target/tmp/j h7665801233394500862
]]></system-err>
  </testcase>
</testsuite>